{
  "stats": {
    "suites": 3,
    "tests": 3,
    "passes": 3,
    "pending": 0,
    "failures": 0,
    "start": "2023-01-19T04:43:48.143Z",
    "end": "2023-01-19T04:43:58.649Z",
    "duration": 10506,
    "testsRegistered": 3,
    "passPercent": 100,
    "pendingPercent": 0,
    "other": 0,
    "hasOther": false,
    "skipped": 0,
    "hasSkipped": false
  },
  "results": [
    {
      "uuid": "70002f9b-aa5d-4878-bb28-f4205435b76f",
      "title": "",
      "fullFile": "cypress\\e2e\\article-read.ts",
      "file": "cypress\\e2e\\article-read.ts",
      "beforeHooks": [],
      "afterHooks": [],
      "tests": [],
      "suites": [
        {
          "uuid": "f0cccd79-c3aa-420d-bbcf-c0f2798fba23",
          "title": "글 읽기",
          "fullFile": "",
          "file": "",
          "beforeHooks": [],
          "afterHooks": [],
          "tests": [],
          "suites": [
            {
              "uuid": "249a5a7e-b30a-4be0-80c2-00dc4d373543",
              "title": "로그아웃 상황",
              "fullFile": "",
              "file": "",
              "beforeHooks": [],
              "afterHooks": [],
              "tests": [
                {
                  "title": "구성 요소가 있는지 확인",
                  "fullTitle": "글 읽기 로그아웃 상황 구성 요소가 있는지 확인",
                  "timedOut": null,
                  "duration": 2674,
                  "state": "passed",
                  "speed": "fast",
                  "pass": true,
                  "fail": false,
                  "pending": false,
                  "context": null,
                  "code": "cy.get('#article__category').should('exist');\ncy.get('#article__date').should('exist');\ncy.get('#article__writer').should('exist');\ncy.get('#article__title').should('exist');\ncy.get('#article__explanation').should('exist');\ncy.get('#article__file').should('exist');\ncy.get('#article__comment-title').should('exist');\ncy.get('#comment__whole').should('exist');",
                  "err": {},
                  "uuid": "46a7590e-87d1-44d7-ad6c-2148117b3215",
                  "parentUUID": "249a5a7e-b30a-4be0-80c2-00dc4d373543",
                  "isHook": false,
                  "skipped": false
                }
              ],
              "suites": [],
              "passes": [
                "46a7590e-87d1-44d7-ad6c-2148117b3215"
              ],
              "failures": [],
              "pending": [],
              "skipped": [],
              "duration": 2674,
              "root": false,
              "rootEmpty": false,
              "_timeout": 2000
            },
            {
              "uuid": "d51531b7-f62d-45b0-b5ef-7df98ea2c473",
              "title": "로그인 상황",
              "fullFile": "",
              "file": "",
              "beforeHooks": [],
              "afterHooks": [],
              "tests": [
                {
                  "title": "로그인을 한 사람이라면 댓글을 작성할 수 있다.",
                  "fullTitle": "글 읽기 로그인 상황 로그인을 한 사람이라면 댓글을 작성할 수 있다.",
                  "timedOut": null,
                  "duration": 7377,
                  "state": "passed",
                  "speed": "medium",
                  "pass": true,
                  "fail": false,
                  "pending": false,
                  "context": null,
                  "code": "cy.get('#comment-form').should('exist');",
                  "err": {},
                  "uuid": "9ccccc4f-739f-4dcc-8f22-2f7a053c1f11",
                  "parentUUID": "d51531b7-f62d-45b0-b5ef-7df98ea2c473",
                  "isHook": false,
                  "skipped": false
                },
                {
                  "title": "자신이 쓴 글이라면 수정과 삭제 버튼이 있어야 한다.",
                  "fullTitle": "글 읽기 로그인 상황 자신이 쓴 글이라면 수정과 삭제 버튼이 있어야 한다.",
                  "timedOut": null,
                  "duration": 41,
                  "state": "passed",
                  "speed": "fast",
                  "pass": true,
                  "fail": false,
                  "pending": false,
                  "context": null,
                  "code": "cy.get('#article__to-edit').should('exist');\ncy.get('#article__delete').should('exist');",
                  "err": {},
                  "uuid": "e6385d8b-2856-492a-92ab-b5f24ae604b5",
                  "parentUUID": "d51531b7-f62d-45b0-b5ef-7df98ea2c473",
                  "isHook": false,
                  "skipped": false
                }
              ],
              "suites": [],
              "passes": [
                "9ccccc4f-739f-4dcc-8f22-2f7a053c1f11",
                "e6385d8b-2856-492a-92ab-b5f24ae604b5"
              ],
              "failures": [],
              "pending": [],
              "skipped": [],
              "duration": 7418,
              "root": false,
              "rootEmpty": false,
              "_timeout": 2000
            }
          ],
          "passes": [],
          "failures": [],
          "pending": [],
          "skipped": [],
          "duration": 0,
          "root": false,
          "rootEmpty": false,
          "_timeout": 2000
        }
      ],
      "passes": [],
      "failures": [],
      "pending": [],
      "skipped": [],
      "duration": 0,
      "root": true,
      "rootEmpty": true,
      "_timeout": 2000
    }
  ],
  "meta": {
    "mocha": {
      "version": "7.0.1"
    },
    "mochawesome": {
      "options": {
        "quiet": false,
        "reportFilename": "[name].json",
        "saveHtml": false,
        "saveJson": true,
        "consoleReporter": "spec",
        "useInlineDiffs": false,
        "code": true
      },
      "version": "7.1.3"
    },
    "marge": {
      "options": {
        "id": "default",
        "reportDir": "cypress/results",
        "reportFilename": "[name].json",
        "html": false,
        "json": true
      },
      "version": "6.2.0"
    }
  }
}