{
  "stats": {
    "suites": 3,
    "tests": 3,
    "passes": 3,
    "pending": 0,
    "failures": 0,
    "start": "2023-01-19T04:43:16.346Z",
    "end": "2023-01-19T04:43:45.469Z",
    "duration": 29123,
    "testsRegistered": 3,
    "passPercent": 100,
    "pendingPercent": 0,
    "other": 0,
    "hasOther": false,
    "skipped": 0,
    "hasSkipped": false
  },
  "results": [
    {
      "uuid": "7df51178-ff08-427d-a408-49eb9b03a7f9",
      "title": "",
      "fullFile": "cypress\\e2e\\article-edit.ts",
      "file": "cypress\\e2e\\article-edit.ts",
      "beforeHooks": [],
      "afterHooks": [],
      "tests": [],
      "suites": [
        {
          "uuid": "ec466456-91a6-4961-878a-1562f804d2e4",
          "title": "글 수정하기",
          "fullFile": "",
          "file": "",
          "beforeHooks": [],
          "afterHooks": [],
          "tests": [],
          "suites": [
            {
              "uuid": "8c94ed41-ade4-4c2b-90a2-3c40d8c24369",
              "title": "로그아웃 상황",
              "fullFile": "",
              "file": "",
              "beforeHooks": [],
              "afterHooks": [],
              "tests": [
                {
                  "title": "수정할 수 없다는 메시지가 보여야 한다.",
                  "fullTitle": "글 수정하기 로그아웃 상황 수정할 수 없다는 메시지가 보여야 한다.",
                  "timedOut": null,
                  "duration": 4163,
                  "state": "passed",
                  "speed": "fast",
                  "pass": true,
                  "fail": false,
                  "pending": false,
                  "context": null,
                  "code": "cy.visit(\"/edit/\".concat(articleid));\ncy.get('#edit-page__no-author').should('exist');\ncy.visit('/');",
                  "err": {},
                  "uuid": "f92ddd8f-ae9b-4a72-b366-de82d1037904",
                  "parentUUID": "8c94ed41-ade4-4c2b-90a2-3c40d8c24369",
                  "isHook": false,
                  "skipped": false
                }
              ],
              "suites": [],
              "passes": [
                "f92ddd8f-ae9b-4a72-b366-de82d1037904"
              ],
              "failures": [],
              "pending": [],
              "skipped": [],
              "duration": 4163,
              "root": false,
              "rootEmpty": false,
              "_timeout": 2000
            },
            {
              "uuid": "a9ed8681-bbf4-409f-96c9-249832b85de7",
              "title": "로그인 상황",
              "fullFile": "",
              "file": "",
              "beforeHooks": [],
              "afterHooks": [],
              "tests": [
                {
                  "title": "원래 -> 변형",
                  "fullTitle": "글 수정하기 로그인 상황 원래 -> 변형",
                  "timedOut": null,
                  "duration": 10958,
                  "state": "passed",
                  "speed": "slow",
                  "pass": true,
                  "fail": false,
                  "pending": false,
                  "context": null,
                  "code": "// 작성 전에 기존에 글이 남아 있는지 확인\ncy.get('#edit__title').should('have.value', original_title);\n// 작성\ncy.get('#edit__category').select(changed_category, { force: true });\ncy.get('#edit__title').clear().type(changed_title);\ncy.get('#edit__explanation').clear().type(changed_explanation);\n// 파일 부분은 display가 none이므로 force를 true로 해야 한다.\ncy.get('#edit__file').selectFile(changed_file, { force: true });\ncy.get('#edit__submit').click();\n// 확인\ncy.url().should('contain', 'article');\ncy.get('#article__category').should('contain', changed_category);\ncy.get('#article__writer').should('contain', 'asdf');\ncy.get('#article__title').should('contain', changed_title);\ncy.get('#article__explanation').should('contain', changed_explanation);\ncy.get('#article__file').should('exist');\n// 작성 목록에서 확인하기\n// cy.visit('/profile');\nObject(cypress_support_to_profile__WEBPACK_IMPORTED_MODULE_1__[\"default\"])();\ncy.get('#profile-button__wrote').click();\ncy.get('#article-card').contains(changed_title).should('exist');",
                  "err": {},
                  "uuid": "d2f51cf3-973c-40cd-b4ee-4bb6f2dd4586",
                  "parentUUID": "a9ed8681-bbf4-409f-96c9-249832b85de7",
                  "isHook": false,
                  "skipped": false
                },
                {
                  "title": "변형 -> 원래",
                  "fullTitle": "글 수정하기 로그인 상황 변형 -> 원래",
                  "timedOut": null,
                  "duration": 9724,
                  "state": "passed",
                  "speed": "medium",
                  "pass": true,
                  "fail": false,
                  "pending": false,
                  "context": null,
                  "code": "// 작성\ncy.get('#edit__category').select(original_category, { force: true });\ncy.get('#edit__title').clear().type(original_title);\ncy.get('#edit__explanation').clear().type(original_explanation);\n// 파일 부분은 display가 none이므로 force를 true로 해야 한다.\ncy.get('#edit__file').selectFile(original_file, { force: true });\ncy.get('#edit__submit').click();\n// 확인\ncy.url().should('contain', 'article');\ncy.get('#article__category').should('contain', original_category);\ncy.get('#article__writer').should('contain', 'asdf');\ncy.get('#article__title').should('contain', original_title);\ncy.get('#article__explanation').should('contain', original_explanation);\ncy.get('#article__file').should('exist');\n// 작성 목록에서 확인하기\n// cy.visit('/profile');\nObject(cypress_support_to_profile__WEBPACK_IMPORTED_MODULE_1__[\"default\"])();\ncy.get('#profile-button__wrote').click();\ncy.get('#article-card').contains(original_title).should('exist');",
                  "err": {},
                  "uuid": "1adf5822-6c97-489f-ba9b-0af6248ed386",
                  "parentUUID": "a9ed8681-bbf4-409f-96c9-249832b85de7",
                  "isHook": false,
                  "skipped": false
                }
              ],
              "suites": [],
              "passes": [
                "d2f51cf3-973c-40cd-b4ee-4bb6f2dd4586",
                "1adf5822-6c97-489f-ba9b-0af6248ed386"
              ],
              "failures": [],
              "pending": [],
              "skipped": [],
              "duration": 20682,
              "root": false,
              "rootEmpty": false,
              "_timeout": 2000
            }
          ],
          "passes": [],
          "failures": [],
          "pending": [],
          "skipped": [],
          "duration": 0,
          "root": false,
          "rootEmpty": false,
          "_timeout": 2000
        }
      ],
      "passes": [],
      "failures": [],
      "pending": [],
      "skipped": [],
      "duration": 0,
      "root": true,
      "rootEmpty": true,
      "_timeout": 2000
    }
  ],
  "meta": {
    "mocha": {
      "version": "7.0.1"
    },
    "mochawesome": {
      "options": {
        "quiet": false,
        "reportFilename": "[name].json",
        "saveHtml": false,
        "saveJson": true,
        "consoleReporter": "spec",
        "useInlineDiffs": false,
        "code": true
      },
      "version": "7.1.3"
    },
    "marge": {
      "options": {
        "id": "default",
        "reportDir": "cypress/results",
        "reportFilename": "[name].json",
        "html": false,
        "json": true
      },
      "version": "6.2.0"
    }
  }
}