{
  "stats": {
    "suites": 3,
    "tests": 3,
    "passes": 3,
    "pending": 0,
    "failures": 0,
    "start": "2023-01-19T04:42:49.609Z",
    "end": "2023-01-19T04:43:14.167Z",
    "duration": 24558,
    "testsRegistered": 3,
    "passPercent": 100,
    "pendingPercent": 0,
    "other": 0,
    "hasOther": false,
    "skipped": 0,
    "hasSkipped": false
  },
  "results": [
    {
      "uuid": "3c50a3e5-cdfd-42a0-9503-8835039220dd",
      "title": "",
      "fullFile": "cypress\\e2e\\article-create-delete.ts",
      "file": "cypress\\e2e\\article-create-delete.ts",
      "beforeHooks": [],
      "afterHooks": [],
      "tests": [],
      "suites": [
        {
          "uuid": "422dde36-a57b-4ebe-bd66-207131b54f12",
          "title": "글 생성 및 삭제",
          "fullFile": "",
          "file": "",
          "beforeHooks": [],
          "afterHooks": [],
          "tests": [],
          "suites": [
            {
              "uuid": "1b8c4a3e-cfc7-4532-a8ef-9e49e8a97003",
              "title": "로그아웃 상황",
              "fullFile": "",
              "file": "",
              "beforeHooks": [],
              "afterHooks": [],
              "tests": [
                {
                  "title": "생성할 수 없다는 메시지가 보여야 한다.",
                  "fullTitle": "글 생성 및 삭제 로그아웃 상황 생성할 수 없다는 메시지가 보여야 한다.",
                  "timedOut": null,
                  "duration": 1917,
                  "state": "passed",
                  "speed": "fast",
                  "pass": true,
                  "fail": false,
                  "pending": false,
                  "context": null,
                  "code": "cy.visit('/create');\ncy.get('#cannot-create').should('exist');",
                  "err": {},
                  "uuid": "a0d515e8-3023-483b-a757-93460d2d669e",
                  "parentUUID": "1b8c4a3e-cfc7-4532-a8ef-9e49e8a97003",
                  "isHook": false,
                  "skipped": false
                }
              ],
              "suites": [],
              "passes": [
                "a0d515e8-3023-483b-a757-93460d2d669e"
              ],
              "failures": [],
              "pending": [],
              "skipped": [],
              "duration": 1917,
              "root": false,
              "rootEmpty": false,
              "_timeout": 2000
            },
            {
              "uuid": "98a56723-99c8-4253-a8fc-d7cb416443b9",
              "title": "로그인 상황",
              "fullFile": "",
              "file": "",
              "beforeHooks": [],
              "afterHooks": [],
              "tests": [
                {
                  "title": "파일이 없는 경우",
                  "fullTitle": "글 생성 및 삭제 로그인 상황 파일이 없는 경우",
                  "timedOut": null,
                  "duration": 15071,
                  "state": "passed",
                  "speed": "slow",
                  "pass": true,
                  "fail": false,
                  "pending": false,
                  "context": null,
                  "code": "// 작성\ncy.get('#create__category').select(category, { force: true });\ncy.get('#create__title').type(title);\ncy.get('#create__explanation').type(explanation);\ncy.get('#create__submit').click();\n// 확인\ncy.url().should('contain', 'article');\ncy.get('#article__category').should('contain', category);\ncy.get('#article__writer').should('contain', 'asdf');\ncy.get('#article__title').should('contain', title);\ncy.get('#article__explanation').should('contain', explanation);\n// 파일 버튼은 없어야 한다.\ncy.get('#article__file').should('not.exist');\n// 작성 목록에서 확인하기\ncy.visit('/profile');\ncy.get('#profile-button__wrote').click();\ncy.get('#article-card').contains(title).click();\n// 삭제\ncy.get('#article__delete').click();\ncy.on('window:confirm', function (str) { return true; });\ncy.get('#article-deletion-page').should('exist');\n// 작성 목록에서도 지워졌는지 확인\ncy.visit('/profile');\ncy.get('#profile-button__wrote').click();\ncy.contains(title).should('not.exist');",
                  "err": {},
                  "uuid": "234e9c12-5c33-49fa-93b8-0a2334b44feb",
                  "parentUUID": "98a56723-99c8-4253-a8fc-d7cb416443b9",
                  "isHook": false,
                  "skipped": false
                },
                {
                  "title": "파일이 있는 경우",
                  "fullTitle": "글 생성 및 삭제 로그인 상황 파일이 있는 경우",
                  "timedOut": null,
                  "duration": 6273,
                  "state": "passed",
                  "speed": "medium",
                  "pass": true,
                  "fail": false,
                  "pending": false,
                  "context": null,
                  "code": "// 작성\ncy.get('#create__category').select(category, { force: true });\ncy.get('#create__title').type(title);\ncy.get('#create__explanation').type(explanation);\n// 파일 부분은 display가 none이므로 force를 true로 해야 한다.\ncy.get('#create__file').selectFile(file, { force: true });\ncy.get('#create__submit').click();\n// 확인\ncy.url().should('contain', 'article');\ncy.get('#article__category').should('contain', category);\ncy.get('#article__writer').should('contain', 'asdf');\ncy.get('#article__title').should('contain', title);\ncy.get('#article__explanation').should('contain', explanation);\ncy.get('#article__file').should('exist');\n// 삭제\ncy.get('#article__delete').click();\ncy.on('window:confirm', function (str) { return true; });\ncy.get('#article-deletion-page').should('exist');",
                  "err": {},
                  "uuid": "4a5f878c-2837-4963-9e2a-09e6983a1d73",
                  "parentUUID": "98a56723-99c8-4253-a8fc-d7cb416443b9",
                  "isHook": false,
                  "skipped": false
                }
              ],
              "suites": [],
              "passes": [
                "234e9c12-5c33-49fa-93b8-0a2334b44feb",
                "4a5f878c-2837-4963-9e2a-09e6983a1d73"
              ],
              "failures": [],
              "pending": [],
              "skipped": [],
              "duration": 21344,
              "root": false,
              "rootEmpty": false,
              "_timeout": 2000
            }
          ],
          "passes": [],
          "failures": [],
          "pending": [],
          "skipped": [],
          "duration": 0,
          "root": false,
          "rootEmpty": false,
          "_timeout": 2000
        }
      ],
      "passes": [],
      "failures": [],
      "pending": [],
      "skipped": [],
      "duration": 0,
      "root": true,
      "rootEmpty": true,
      "_timeout": 2000
    }
  ],
  "meta": {
    "mocha": {
      "version": "7.0.1"
    },
    "mochawesome": {
      "options": {
        "quiet": false,
        "reportFilename": "[name].json",
        "saveHtml": false,
        "saveJson": true,
        "consoleReporter": "spec",
        "useInlineDiffs": false,
        "code": true
      },
      "version": "7.1.3"
    },
    "marge": {
      "options": {
        "id": "default",
        "reportDir": "cypress/results",
        "reportFilename": "[name].json",
        "html": false,
        "json": true
      },
      "version": "6.2.0"
    }
  }
}