{
  "stats": {
    "suites": 1,
    "tests": 4,
    "passes": 4,
    "pending": 0,
    "failures": 0,
    "start": "2023-01-19T04:44:00.688Z",
    "end": "2023-01-19T04:44:07.552Z",
    "duration": 6864,
    "testsRegistered": 4,
    "passPercent": 100,
    "pendingPercent": 0,
    "other": 0,
    "hasOther": false,
    "skipped": 0,
    "hasSkipped": false
  },
  "results": [
    {
      "uuid": "94e57e94-7bbb-4948-9281-2d345cc905c1",
      "title": "",
      "fullFile": "cypress\\e2e\\category-page.ts",
      "file": "cypress\\e2e\\category-page.ts",
      "beforeHooks": [],
      "afterHooks": [],
      "tests": [],
      "suites": [
        {
          "uuid": "366d1ca6-8531-4e3a-9000-f841b8da627e",
          "title": "카테고리 페이지",
          "fullFile": "",
          "file": "",
          "beforeHooks": [],
          "afterHooks": [],
          "tests": [
            {
              "title": "구성 요소 확인",
              "fullTitle": "카테고리 페이지 구성 요소 확인",
              "timedOut": null,
              "duration": 2302,
              "state": "passed",
              "speed": "fast",
              "pass": true,
              "fail": false,
              "pending": false,
              "context": null,
              "code": "cy.visit('/category/society/1');\ncy.get('#category-page__title').should('exist');\ncy.get('#article-card').should('exist');\ncy.get('#category-page__paginate').should('exist');",
              "err": {},
              "uuid": "713100fd-0093-44a5-ae75-8e6604df549f",
              "parentUUID": "366d1ca6-8531-4e3a-9000-f841b8da627e",
              "isHook": false,
              "skipped": false
            },
            {
              "title": "페이지네이션",
              "fullTitle": "카테고리 페이지 페이지네이션",
              "timedOut": null,
              "duration": 577,
              "state": "passed",
              "speed": "fast",
              "pass": true,
              "fail": false,
              "pending": false,
              "context": null,
              "code": "cy.get('#category-page__paginate').contains('2').click();\ncy.url().should('contain', '2');",
              "err": {},
              "uuid": "449fd332-cbe0-4eb1-b84e-1622966f5130",
              "parentUUID": "366d1ca6-8531-4e3a-9000-f841b8da627e",
              "isHook": false,
              "skipped": false
            },
            {
              "title": "글로 이동",
              "fullTitle": "카테고리 페이지 글로 이동",
              "timedOut": null,
              "duration": 443,
              "state": "passed",
              "speed": "fast",
              "pass": true,
              "fail": false,
              "pending": false,
              "context": null,
              "code": "cy.get('#article-card').click();\ncy.url().should('contain', 'article');",
              "err": {},
              "uuid": "88fd34ae-46a8-4c40-abbe-163df2f62e69",
              "parentUUID": "366d1ca6-8531-4e3a-9000-f841b8da627e",
              "isHook": false,
              "skipped": false
            },
            {
              "title": "다른 페이지 클릭하고 다시 카테고리로 돌아오면 페이지네이션 active 버튼이 1페이지를 가리켜야 한다",
              "fullTitle": "카테고리 페이지 다른 페이지 클릭하고 다시 카테고리로 돌아오면 페이지네이션 active 버튼이 1페이지를 가리켜야 한다",
              "timedOut": null,
              "duration": 3401,
              "state": "passed",
              "speed": "fast",
              "pass": true,
              "fail": false,
              "pending": false,
              "context": null,
              "code": "cy.visit('/category/society/1');\ncy.get('#category-page__paginate').contains('2').click();\ncy.get('#category-menu__button').click();\ncy.get('#category-menu__button').click();\ncy.get('#category-menu__result').contains('과학기술').click();\ncy.get('#category-menu__button').click();\ncy.get('#category-menu__button').click();\ncy.get('#category-menu__result').contains('사회').click();\ncy.get('#category-page__paginate')\n    .contains('1')\n    .should('have.css', 'color', 'rgb(230, 126, 34)');",
              "err": {},
              "uuid": "2ed5ee00-145a-46b0-ace0-399faab6e30e",
              "parentUUID": "366d1ca6-8531-4e3a-9000-f841b8da627e",
              "isHook": false,
              "skipped": false
            }
          ],
          "suites": [],
          "passes": [
            "713100fd-0093-44a5-ae75-8e6604df549f",
            "449fd332-cbe0-4eb1-b84e-1622966f5130",
            "88fd34ae-46a8-4c40-abbe-163df2f62e69",
            "2ed5ee00-145a-46b0-ace0-399faab6e30e"
          ],
          "failures": [],
          "pending": [],
          "skipped": [],
          "duration": 6723,
          "root": false,
          "rootEmpty": false,
          "_timeout": 2000
        }
      ],
      "passes": [],
      "failures": [],
      "pending": [],
      "skipped": [],
      "duration": 0,
      "root": true,
      "rootEmpty": true,
      "_timeout": 2000
    }
  ],
  "meta": {
    "mocha": {
      "version": "7.0.1"
    },
    "mochawesome": {
      "options": {
        "quiet": false,
        "reportFilename": "[name].json",
        "saveHtml": false,
        "saveJson": true,
        "consoleReporter": "spec",
        "useInlineDiffs": false,
        "code": true
      },
      "version": "7.1.3"
    },
    "marge": {
      "options": {
        "id": "default",
        "reportDir": "cypress/results",
        "reportFilename": "[name].json",
        "html": false,
        "json": true
      },
      "version": "6.2.0"
    }
  }
}