{
  "stats": {
    "suites": 1,
    "tests": 1,
    "passes": 1,
    "pending": 0,
    "failures": 0,
    "start": "2023-01-19T04:44:09.384Z",
    "end": "2023-01-19T04:44:24.853Z",
    "duration": 15469,
    "testsRegistered": 1,
    "passPercent": 100,
    "pendingPercent": 0,
    "other": 0,
    "hasOther": false,
    "skipped": 0,
    "hasSkipped": false
  },
  "results": [
    {
      "uuid": "ac352307-4970-4fc6-9e01-b352d05f4f13",
      "title": "",
      "fullFile": "cypress\\e2e\\comment.ts",
      "file": "cypress\\e2e\\comment.ts",
      "beforeHooks": [],
      "afterHooks": [],
      "tests": [],
      "suites": [
        {
          "uuid": "b9fda372-f124-42c0-b45b-34d8fe8db69d",
          "title": "댓글",
          "fullFile": "",
          "file": "",
          "beforeHooks": [],
          "afterHooks": [],
          "tests": [
            {
              "title": "작성 -> 확인 -> 삭제",
              "fullTitle": "댓글 작성 -> 확인 -> 삭제",
              "timedOut": null,
              "duration": 15349,
              "state": "passed",
              "speed": "slow",
              "pass": true,
              "fail": false,
              "pending": false,
              "context": null,
              "code": "// 로그인하기\nObject(cypress_support_sign__WEBPACK_IMPORTED_MODULE_0__[\"login\"])('asdf@gmail.com', 'asdf1234');\n// 이동하기\ncy.visit('/article/9mDSqenHRWNZTvCvsSew');\n// 작성\ncy.get('#comment-form__content').type(content);\ncy.get('#comment-form__submit').click();\n// 작성 확인\ncy.contains(content).should('exist');\n// 삭제\ncy.get('#comment__delete').click();\ncy.on('window:confirm', function (str) { return true; });\n// 삭제 확인\ncy.contains(content).should('not.exist');\n// 로그아웃하기\nObject(cypress_support_sign__WEBPACK_IMPORTED_MODULE_0__[\"logout\"])();",
              "err": {},
              "uuid": "d5d12dd6-bbb4-4a5d-b39f-632cc7f8f1e4",
              "parentUUID": "b9fda372-f124-42c0-b45b-34d8fe8db69d",
              "isHook": false,
              "skipped": false
            }
          ],
          "suites": [],
          "passes": [
            "d5d12dd6-bbb4-4a5d-b39f-632cc7f8f1e4"
          ],
          "failures": [],
          "pending": [],
          "skipped": [],
          "duration": 15349,
          "root": false,
          "rootEmpty": false,
          "_timeout": 2000
        }
      ],
      "passes": [],
      "failures": [],
      "pending": [],
      "skipped": [],
      "duration": 0,
      "root": true,
      "rootEmpty": true,
      "_timeout": 2000
    }
  ],
  "meta": {
    "mocha": {
      "version": "7.0.1"
    },
    "mochawesome": {
      "options": {
        "quiet": false,
        "reportFilename": "[name].json",
        "saveHtml": false,
        "saveJson": true,
        "consoleReporter": "spec",
        "useInlineDiffs": false,
        "code": true
      },
      "version": "7.1.3"
    },
    "marge": {
      "options": {
        "id": "default",
        "reportDir": "cypress/results",
        "reportFilename": "[name].json",
        "html": false,
        "json": true
      },
      "version": "6.2.0"
    }
  }
}