{
  "stats": {
    "suites": 1,
    "tests": 8,
    "passes": 8,
    "pending": 0,
    "failures": 0,
    "start": "2023-01-19T04:42:16.871Z",
    "end": "2023-01-19T04:42:32.276Z",
    "duration": 15405,
    "testsRegistered": 8,
    "passPercent": 100,
    "pendingPercent": 0,
    "other": 0,
    "hasOther": false,
    "skipped": 0,
    "hasSkipped": false
  },
  "results": [
    {
      "uuid": "5faa4cae-55ce-4907-b77d-37fdf5519bcb",
      "title": "",
      "fullFile": "cypress\\e2e\\home.ts",
      "file": "cypress\\e2e\\home.ts",
      "beforeHooks": [],
      "afterHooks": [],
      "tests": [],
      "suites": [
        {
          "uuid": "1af72160-e064-4681-bb55-ca34309a9f79",
          "title": "홈페이지",
          "fullFile": "",
          "file": "",
          "beforeHooks": [],
          "afterHooks": [],
          "tests": [
            {
              "title": "각종 부분이 있는지 체크하기",
              "fullTitle": "홈페이지 각종 부분이 있는지 체크하기",
              "timedOut": null,
              "duration": 2402,
              "state": "passed",
              "speed": "fast",
              "pass": true,
              "fail": false,
              "pending": false,
              "context": null,
              "code": "cy.visit('/');\ncy.get('header');\ncy.get('#welcome');\ncy.get('#intro');\ncy.get('footer');",
              "err": {},
              "uuid": "951bf161-2ab7-4200-ab8a-200d6552f7cb",
              "parentUUID": "1af72160-e064-4681-bb55-ca34309a9f79",
              "isHook": false,
              "skipped": false
            },
            {
              "title": "카테고리 클릭해서 이동하기",
              "fullTitle": "홈페이지 카테고리 클릭해서 이동하기",
              "timedOut": null,
              "duration": 5167,
              "state": "passed",
              "speed": "medium",
              "pass": true,
              "fail": false,
              "pending": false,
              "context": null,
              "code": "cy.get('#category-menu__button').click();\ncy.get('#category-menu__button').click();\ncy.get('#category-menu__result').contains('사회').click();\ncy.url().should('contain', 'category');\ncy.url().should('contain', 'society');\ncy.visit('/');",
              "err": {},
              "uuid": "18871ae7-3288-4c77-ac18-962cf62aa46f",
              "parentUUID": "1af72160-e064-4681-bb55-ca34309a9f79",
              "isHook": false,
              "skipped": false
            },
            {
              "title": "카테고리 hover해서 이동하기",
              "fullTitle": "홈페이지 카테고리 hover해서 이동하기",
              "timedOut": null,
              "duration": 2237,
              "state": "passed",
              "speed": "fast",
              "pass": true,
              "fail": false,
              "pending": false,
              "context": null,
              "code": "// 코드는 mouseeneter로 했지만 여기서는 mouseover로 하였다.\ncy.get('#category-menu__button').trigger('mouseover');\ncy.get('#category-menu__result').contains('사회').click();\ncy.url().should('contain', 'category');\ncy.url().should('contain', 'society');\ncy.visit('/');",
              "err": {},
              "uuid": "831b5bc1-0fca-493e-8133-ce0648093337",
              "parentUUID": "1af72160-e064-4681-bb55-ca34309a9f79",
              "isHook": false,
              "skipped": false
            },
            {
              "title": "카테고리 키보드로 이동하기",
              "fullTitle": "홈페이지 카테고리 키보드로 이동하기",
              "timedOut": null,
              "duration": 233,
              "state": "passed",
              "speed": "fast",
              "pass": true,
              "fail": false,
              "pending": false,
              "context": null,
              "code": "cy.get('#category-menu__result').should('have.css', 'display', 'none');\ncy.get('#category-menu__button').focus().type('{enter}');\ncy.get('#category-menu__result').should('not.have.css', 'display', 'none');",
              "err": {},
              "uuid": "e9f79220-5978-4ae3-92c7-d467a069fd4e",
              "parentUUID": "1af72160-e064-4681-bb55-ca34309a9f79",
              "isHook": false,
              "skipped": false
            },
            {
              "title": "작성 페이지로 이동",
              "fullTitle": "홈페이지 작성 페이지로 이동",
              "timedOut": null,
              "duration": 1986,
              "state": "passed",
              "speed": "fast",
              "pass": true,
              "fail": false,
              "pending": false,
              "context": null,
              "code": "cy.get('#to-create').click();\ncy.url().should('contain', 'create');\ncy.visit('/');",
              "err": {},
              "uuid": "b689a08e-0ec1-43f6-8030-39885e223819",
              "parentUUID": "1af72160-e064-4681-bb55-ca34309a9f79",
              "isHook": false,
              "skipped": false
            },
            {
              "title": "로그인 페이지로 이동",
              "fullTitle": "홈페이지 로그인 페이지로 이동",
              "timedOut": null,
              "duration": 2939,
              "state": "passed",
              "speed": "fast",
              "pass": true,
              "fail": false,
              "pending": false,
              "context": null,
              "code": "cy.get('header #to-login').click();\ncy.url().should('contain', 'sign');\ncy.visit('/');",
              "err": {},
              "uuid": "eb278455-7472-4f74-a86f-07306cb2e6ba",
              "parentUUID": "1af72160-e064-4681-bb55-ca34309a9f79",
              "isHook": false,
              "skipped": false
            },
            {
              "title": "screen-medium 이하이면 검색창 사라지고 검색 버튼 생김",
              "fullTitle": "홈페이지 screen-medium 이하이면 검색창 사라지고 검색 버튼 생김",
              "timedOut": null,
              "duration": 154,
              "state": "passed",
              "speed": "fast",
              "pass": true,
              "fail": false,
              "pending": false,
              "context": null,
              "code": "cy.get('#search-narrow__container').should('have.css', 'display', 'none');\ncy.viewport(Cypress.env('screenMedium') - 1, 1000);\ncy.get('#search-narrow__container').should('not.have.css', 'display', 'none');",
              "err": {},
              "uuid": "236b22fe-da5b-4ca6-9ea0-24dd3b1de6e6",
              "parentUUID": "1af72160-e064-4681-bb55-ca34309a9f79",
              "isHook": false,
              "skipped": false
            },
            {
              "title": "screen-tiny 이하이면 카테고리 줄어듬",
              "fullTitle": "홈페이지 screen-tiny 이하이면 카테고리 줄어듬",
              "timedOut": null,
              "duration": 105,
              "state": "passed",
              "speed": "fast",
              "pass": true,
              "fail": false,
              "pending": false,
              "context": null,
              "code": "cy.get('#category-narrow__button').should('have.css', 'display', 'none');\ncy.viewport(Cypress.env('screenTiny') - 1, 500);\ncy.get('#category-narrow__button').should('not.have.css', 'display', 'none');",
              "err": {},
              "uuid": "f5d1cd14-41e1-461e-8c74-34177d752e28",
              "parentUUID": "1af72160-e064-4681-bb55-ca34309a9f79",
              "isHook": false,
              "skipped": false
            }
          ],
          "suites": [],
          "passes": [
            "951bf161-2ab7-4200-ab8a-200d6552f7cb",
            "18871ae7-3288-4c77-ac18-962cf62aa46f",
            "831b5bc1-0fca-493e-8133-ce0648093337",
            "e9f79220-5978-4ae3-92c7-d467a069fd4e",
            "b689a08e-0ec1-43f6-8030-39885e223819",
            "eb278455-7472-4f74-a86f-07306cb2e6ba",
            "236b22fe-da5b-4ca6-9ea0-24dd3b1de6e6",
            "f5d1cd14-41e1-461e-8c74-34177d752e28"
          ],
          "failures": [],
          "pending": [],
          "skipped": [],
          "duration": 15223,
          "root": false,
          "rootEmpty": false,
          "_timeout": 2000
        }
      ],
      "passes": [],
      "failures": [],
      "pending": [],
      "skipped": [],
      "duration": 0,
      "root": true,
      "rootEmpty": true,
      "_timeout": 2000
    }
  ],
  "meta": {
    "mocha": {
      "version": "7.0.1"
    },
    "mochawesome": {
      "options": {
        "quiet": false,
        "reportFilename": "[name].json",
        "saveHtml": false,
        "saveJson": true,
        "consoleReporter": "spec",
        "useInlineDiffs": false,
        "code": true
      },
      "version": "7.1.3"
    },
    "marge": {
      "options": {
        "id": "default",
        "reportDir": "cypress/results",
        "reportFilename": "[name].json",
        "html": false,
        "json": true
      },
      "version": "6.2.0"
    }
  }
}