{
  "stats": {
    "suites": 0,
    "tests": 1,
    "passes": 1,
    "pending": 0,
    "failures": 0,
    "start": "2023-01-19T04:42:34.181Z",
    "end": "2023-01-19T04:42:36.144Z",
    "duration": 1963,
    "testsRegistered": 1,
    "passPercent": 100,
    "pendingPercent": 0,
    "other": 0,
    "hasOther": false,
    "skipped": 0,
    "hasSkipped": false
  },
  "results": [
    {
      "uuid": "34209bb6-64f7-4d3d-bbf3-24e768015fee",
      "title": "",
      "fullFile": "cypress\\e2e\\initialize.ts",
      "file": "cypress\\e2e\\initialize.ts",
      "beforeHooks": [],
      "afterHooks": [],
      "tests": [
        {
          "title": "initialize",
          "fullTitle": "initialize",
          "timedOut": null,
          "duration": 1918,
          "state": "passed",
          "speed": "fast",
          "pass": true,
          "fail": false,
          "pending": false,
          "context": null,
          "code": "cy.visit('/');",
          "err": {},
          "uuid": "1ffe3d07-ae24-4533-b628-072a880417fa",
          "parentUUID": "34209bb6-64f7-4d3d-bbf3-24e768015fee",
          "isHook": false,
          "skipped": false
        }
      ],
      "suites": [],
      "passes": [
        "1ffe3d07-ae24-4533-b628-072a880417fa"
      ],
      "failures": [],
      "pending": [],
      "skipped": [],
      "duration": 1918,
      "root": true,
      "rootEmpty": false,
      "_timeout": 2000
    }
  ],
  "meta": {
    "mocha": {
      "version": "7.0.1"
    },
    "mochawesome": {
      "options": {
        "quiet": false,
        "reportFilename": "[name].json",
        "saveHtml": false,
        "saveJson": true,
        "consoleReporter": "spec",
        "useInlineDiffs": false,
        "code": true
      },
      "version": "7.1.3"
    },
    "marge": {
      "options": {
        "id": "default",
        "reportDir": "cypress/results",
        "reportFilename": "[name].json",
        "html": false,
        "json": true
      },
      "version": "6.2.0"
    }
  }
}