{
  "stats": {
    "suites": 1,
    "tests": 1,
    "passes": 1,
    "pending": 0,
    "failures": 0,
    "start": "2023-01-19T04:44:52.772Z",
    "end": "2023-01-19T04:45:01.727Z",
    "duration": 8955,
    "testsRegistered": 1,
    "passPercent": 100,
    "pendingPercent": 0,
    "other": 0,
    "hasOther": false,
    "skipped": 0,
    "hasSkipped": false
  },
  "results": [
    {
      "uuid": "5ed53969-5421-4d59-81e7-2646c18c9c32",
      "title": "",
      "fullFile": "cypress\\e2e\\profile-name.ts",
      "file": "cypress\\e2e\\profile-name.ts",
      "beforeHooks": [],
      "afterHooks": [],
      "tests": [],
      "suites": [
        {
          "uuid": "c0a40149-1cd8-4335-aeca-24b44efe435b",
          "title": "프로필 이름",
          "fullFile": "",
          "file": "",
          "beforeHooks": [],
          "afterHooks": [],
          "tests": [
            {
              "title": "바꿨다가 원래대로 돌리기",
              "fullTitle": "프로필 이름 바꿨다가 원래대로 돌리기",
              "timedOut": null,
              "duration": 8842,
              "state": "passed",
              "speed": "medium",
              "pass": true,
              "fail": false,
              "pending": false,
              "context": null,
              "code": "// 로그인하기\nObject(cypress_support_sign__WEBPACK_IMPORTED_MODULE_0__[\"login\"])('asdf@gmail.com', 'asdf1234');\n// 프로필에서 확인하기\ncy.visit('/profile');\n// 현재 이름 가져오기\ncy.get('#profile-name').invoke('text').as('originalName');\n// 이름 바꾸기\ncy.get('#profile-name__to-edit').click();\ncy.get('#profile-name__edit-input').clear().type(changedName);\ncy.get('#profile-name__edit-confirm').click();\ncy.get('#profile-name').should('have.text', changedName);\n// 원래로 돌리기\ncy.get('#profile-name__to-edit').click();\ncy.get('@originalName').then(function (originalName) {\n    cy.get('#profile-name__edit-input').clear().type(originalName);\n    cy.get('#profile-name__edit-confirm').click();\n    cy.get('#profile-name').should('have.text', originalName);\n});\n// 로그아웃하기\nObject(cypress_support_sign__WEBPACK_IMPORTED_MODULE_0__[\"logout\"])();",
              "err": {},
              "uuid": "be8a5b5b-1730-43f4-a351-99d966c01afd",
              "parentUUID": "c0a40149-1cd8-4335-aeca-24b44efe435b",
              "isHook": false,
              "skipped": false
            }
          ],
          "suites": [],
          "passes": [
            "be8a5b5b-1730-43f4-a351-99d966c01afd"
          ],
          "failures": [],
          "pending": [],
          "skipped": [],
          "duration": 8842,
          "root": false,
          "rootEmpty": false,
          "_timeout": 2000
        }
      ],
      "passes": [],
      "failures": [],
      "pending": [],
      "skipped": [],
      "duration": 0,
      "root": true,
      "rootEmpty": true,
      "_timeout": 2000
    }
  ],
  "meta": {
    "mocha": {
      "version": "7.0.1"
    },
    "mochawesome": {
      "options": {
        "quiet": false,
        "reportFilename": "[name].json",
        "saveHtml": false,
        "saveJson": true,
        "consoleReporter": "spec",
        "useInlineDiffs": false,
        "code": true
      },
      "version": "7.1.3"
    },
    "marge": {
      "options": {
        "id": "default",
        "reportDir": "cypress/results",
        "reportFilename": "[name].json",
        "html": false,
        "json": true
      },
      "version": "6.2.0"
    }
  }
}