{
  "stats": {
    "suites": 1,
    "tests": 2,
    "passes": 2,
    "pending": 0,
    "failures": 0,
    "start": "2023-01-19T04:45:03.689Z",
    "end": "2023-01-19T04:45:11.659Z",
    "duration": 7970,
    "testsRegistered": 2,
    "passPercent": 100,
    "pendingPercent": 0,
    "other": 0,
    "hasOther": false,
    "skipped": 0,
    "hasSkipped": false
  },
  "results": [
    {
      "uuid": "0da8ec67-8d87-47f6-a281-a21f91b4d1c4",
      "title": "",
      "fullFile": "cypress\\e2e\\search.ts",
      "file": "cypress\\e2e\\search.ts",
      "beforeHooks": [],
      "afterHooks": [],
      "tests": [],
      "suites": [
        {
          "uuid": "8254aa21-dc91-4649-bae0-22ae4bac7a6b",
          "title": "검색",
          "fullFile": "",
          "file": "",
          "beforeHooks": [],
          "afterHooks": [],
          "tests": [
            {
              "title": "wide한 상황에서 최신 글 찾고, 검색하기",
              "fullTitle": "검색 wide한 상황에서 최신 글 찾고, 검색하기",
              "timedOut": null,
              "duration": 6929,
              "state": "passed",
              "speed": "medium",
              "pass": true,
              "fail": false,
              "pending": false,
              "context": null,
              "code": "cy.visit('/category/society/1');\ncy.get('#article-card__title')\n    .first()\n    .then(function ($firstArticleCard) {\n    var titleText = $firstArticleCard.text();\n    cy.get('#search-wide-input').type(titleText);\n    cy.get('#search-wide-result').contains(titleText).click();\n    cy.url().should('contain', 'article');\n    cy.get('#article__title').should('have.text', titleText);\n});\ncy.visit('/category/society/1');",
              "err": {},
              "uuid": "7cf8fcd0-9e6e-4ada-b087-36277076d5b0",
              "parentUUID": "8254aa21-dc91-4649-bae0-22ae4bac7a6b",
              "isHook": false,
              "skipped": false
            },
            {
              "title": "narrow한 상황에서 최신 글 찾고, 검색하기",
              "fullTitle": "검색 narrow한 상황에서 최신 글 찾고, 검색하기",
              "timedOut": null,
              "duration": 981,
              "state": "passed",
              "speed": "fast",
              "pass": true,
              "fail": false,
              "pending": false,
              "context": null,
              "code": "cy.viewport(Cypress.env('screenMedium') - 1, 1000);\ncy.get('#search-narrow__button').click();\ncy.get('#article-card__title')\n    .first()\n    .then(function ($firstArticleCard) {\n    var titleText = $firstArticleCard.text();\n    cy.get('#search-narrow__input').type(titleText);\n    cy.get('#search-narrow__result').contains(titleText).click();\n    cy.url().should('contain', 'article');\n    cy.get('#article__title').should('have.text', titleText);\n});",
              "err": {},
              "uuid": "a3f75a7b-bdbb-462f-8f99-29a37df36bd0",
              "parentUUID": "8254aa21-dc91-4649-bae0-22ae4bac7a6b",
              "isHook": false,
              "skipped": false
            }
          ],
          "suites": [],
          "passes": [
            "7cf8fcd0-9e6e-4ada-b087-36277076d5b0",
            "a3f75a7b-bdbb-462f-8f99-29a37df36bd0"
          ],
          "failures": [],
          "pending": [],
          "skipped": [],
          "duration": 7910,
          "root": false,
          "rootEmpty": false,
          "_timeout": 2000
        }
      ],
      "passes": [],
      "failures": [],
      "pending": [],
      "skipped": [],
      "duration": 0,
      "root": true,
      "rootEmpty": true,
      "_timeout": 2000
    }
  ],
  "meta": {
    "mocha": {
      "version": "7.0.1"
    },
    "mochawesome": {
      "options": {
        "quiet": false,
        "reportFilename": "[name].json",
        "saveHtml": false,
        "saveJson": true,
        "consoleReporter": "spec",
        "useInlineDiffs": false,
        "code": true
      },
      "version": "7.1.3"
    },
    "marge": {
      "options": {
        "id": "default",
        "reportDir": "cypress/results",
        "reportFilename": "[name].json",
        "html": false,
        "json": true
      },
      "version": "6.2.0"
    }
  }
}