{
  "stats": {
    "suites": 1,
    "tests": 3,
    "passes": 3,
    "pending": 0,
    "failures": 0,
    "start": "2023-01-19T04:42:38.165Z",
    "end": "2023-01-19T04:42:47.726Z",
    "duration": 9561,
    "testsRegistered": 3,
    "passPercent": 100,
    "pendingPercent": 0,
    "other": 0,
    "hasOther": false,
    "skipped": 0,
    "hasSkipped": false
  },
  "results": [
    {
      "uuid": "79747aee-95ba-4781-a424-873ecb493bba",
      "title": "",
      "fullFile": "cypress\\e2e\\signup-delete.ts",
      "file": "cypress\\e2e\\signup-delete.ts",
      "beforeHooks": [],
      "afterHooks": [],
      "tests": [],
      "suites": [
        {
          "uuid": "e9694e0e-3fa6-467e-945f-c62badea4956",
          "title": "회원가입, 탈퇴",
          "fullFile": "",
          "file": "",
          "beforeHooks": [],
          "afterHooks": [],
          "tests": [
            {
              "title": "회원가입",
              "fullTitle": "회원가입, 탈퇴 회원가입",
              "timedOut": null,
              "duration": 5558,
              "state": "passed",
              "speed": "medium",
              "pass": true,
              "fail": false,
              "pending": false,
              "context": null,
              "code": "cy.visit('/sign');\ncy.get('#email').type(email);\ncy.get('#password').type(password);\ncy.get('#sign-up-button').click();\ncy.get('#to-profile').should('exist');",
              "err": {},
              "uuid": "439c092b-d22e-40c2-bed8-30460225725f",
              "parentUUID": "e9694e0e-3fa6-467e-945f-c62badea4956",
              "isHook": false,
              "skipped": false
            },
            {
              "title": "프로필에서 이름 확인",
              "fullTitle": "회원가입, 탈퇴 프로필에서 이름 확인",
              "timedOut": null,
              "duration": 3115,
              "state": "passed",
              "speed": "fast",
              "pass": true,
              "fail": false,
              "pending": false,
              "context": null,
              "code": "cy.visit('/profile');\ncy.get('#profile-name').should('have.text', email.split('@')[0]);",
              "err": {},
              "uuid": "95b65290-953a-433d-9d41-185a9275599b",
              "parentUUID": "e9694e0e-3fa6-467e-945f-c62badea4956",
              "isHook": false,
              "skipped": false
            },
            {
              "title": "탈퇴하기",
              "fullTitle": "회원가입, 탈퇴 탈퇴하기",
              "timedOut": null,
              "duration": 811,
              "state": "passed",
              "speed": "fast",
              "pass": true,
              "fail": false,
              "pending": false,
              "context": null,
              "code": "cy.get('#delete-account-button').click();\ncy.get('#to-login').should('exist');",
              "err": {},
              "uuid": "d040e485-a506-41c7-9eec-9e5cd45f6444",
              "parentUUID": "e9694e0e-3fa6-467e-945f-c62badea4956",
              "isHook": false,
              "skipped": false
            }
          ],
          "suites": [],
          "passes": [
            "439c092b-d22e-40c2-bed8-30460225725f",
            "95b65290-953a-433d-9d41-185a9275599b",
            "d040e485-a506-41c7-9eec-9e5cd45f6444"
          ],
          "failures": [],
          "pending": [],
          "skipped": [],
          "duration": 9484,
          "root": false,
          "rootEmpty": false,
          "_timeout": 2000
        }
      ],
      "passes": [],
      "failures": [],
      "pending": [],
      "skipped": [],
      "duration": 0,
      "root": true,
      "rootEmpty": true,
      "_timeout": 2000
    }
  ],
  "meta": {
    "mocha": {
      "version": "7.0.1"
    },
    "mochawesome": {
      "options": {
        "quiet": false,
        "reportFilename": "[name].json",
        "saveHtml": false,
        "saveJson": true,
        "consoleReporter": "spec",
        "useInlineDiffs": false,
        "code": true
      },
      "version": "7.1.3"
    },
    "marge": {
      "options": {
        "id": "default",
        "reportDir": "cypress/results",
        "reportFilename": "[name].json",
        "html": false,
        "json": true
      },
      "version": "6.2.0"
    }
  }
}