{
  "stats": {
    "suites": 13,
    "tests": 36,
    "passes": 36,
    "pending": 0,
    "failures": 0,
    "start": "2023-01-28T03:17:07.612Z",
    "end": "2023-01-28T03:20:49.691Z",
    "duration": 183272,
    "testsRegistered": 36,
    "passPercent": 100,
    "pendingPercent": 0,
    "other": 0,
    "hasOther": false,
    "skipped": 0,
    "hasSkipped": false
  },
  "results": [
    {
      "uuid": "cc69cbd6-920c-4dee-8260-af034187f4b9",
      "title": "",
      "fullFile": "cypress\\e2e\\article-create-delete.ts",
      "file": "cypress\\e2e\\article-create-delete.ts",
      "beforeHooks": [],
      "afterHooks": [],
      "tests": [],
      "suites": [
        {
          "uuid": "949d376c-39c9-4972-838d-09cc2436d102",
          "title": "글 생성 및 삭제",
          "fullFile": "",
          "file": "",
          "beforeHooks": [],
          "afterHooks": [],
          "tests": [],
          "suites": [
            {
              "uuid": "f76e56de-bbbb-49e7-bf68-07f3d1d64b19",
              "title": "로그아웃 상황",
              "fullFile": "",
              "file": "",
              "beforeHooks": [],
              "afterHooks": [],
              "tests": [
                {
                  "title": "생성할 수 없다는 메시지가 보여야 한다.",
                  "fullTitle": "글 생성 및 삭제 로그아웃 상황 생성할 수 없다는 메시지가 보여야 한다.",
                  "timedOut": null,
                  "duration": 3768,
                  "state": "passed",
                  "speed": "fast",
                  "pass": true,
                  "fail": false,
                  "pending": false,
                  "context": null,
                  "code": "cy.visit('/create');\ncy.get('#cannot-create').should('exist');",
                  "err": {},
                  "uuid": "de9e605f-8be7-45d5-a322-c45b3f4e92a0",
                  "parentUUID": "f76e56de-bbbb-49e7-bf68-07f3d1d64b19",
                  "isHook": false,
                  "skipped": false
                }
              ],
              "suites": [],
              "passes": [
                "de9e605f-8be7-45d5-a322-c45b3f4e92a0"
              ],
              "failures": [],
              "pending": [],
              "skipped": [],
              "duration": 3768,
              "root": false,
              "rootEmpty": false,
              "_timeout": 2000
            },
            {
              "uuid": "13ccb072-0511-40a5-961f-5e88e6530ea4",
              "title": "로그인 상황",
              "fullFile": "",
              "file": "",
              "beforeHooks": [],
              "afterHooks": [],
              "tests": [
                {
                  "title": "파일이 없는 경우",
                  "fullTitle": "글 생성 및 삭제 로그인 상황 파일이 없는 경우",
                  "timedOut": null,
                  "duration": 20561,
                  "state": "passed",
                  "speed": "slow",
                  "pass": true,
                  "fail": false,
                  "pending": false,
                  "context": null,
                  "code": "// 작성\ncy.get('#create__category').select(category, { force: true });\ncy.get('#create__title').type(title);\ncy.get('#create__explanation').type(explanation);\ncy.get('#create__submit').click();\n// 확인\ncy.url().should('contain', 'article');\ncy.get('#article__category').should('contain', category);\ncy.get('#article__writer').should('contain', 'asdf');\ncy.get('#article__title').should('contain', title);\ncy.get('#article__explanation').should('contain', explanation);\n// 파일 버튼은 없어야 한다.\ncy.get('#article__file').should('not.exist');\n// 작성 목록에서 확인하기\ncy.visit('/profile');\ncy.get('#profile-button__wrote').click();\ncy.get('#article-card').contains(title).click();\n// 삭제\ncy.get('#article__delete').click();\ncy.on('window:confirm', function (str) { return true; });\ncy.get('#article-deletion-page').should('exist');\n// 작성 목록에서도 지워졌는지 확인\ncy.visit('/profile');\ncy.get('#profile-button__wrote').click();\ncy.contains(title).should('not.exist');",
                  "err": {},
                  "uuid": "9a89ddf5-4f74-444b-bc40-61cc358e4373",
                  "parentUUID": "13ccb072-0511-40a5-961f-5e88e6530ea4",
                  "isHook": false,
                  "skipped": false
                },
                {
                  "title": "파일이 있는 경우",
                  "fullTitle": "글 생성 및 삭제 로그인 상황 파일이 있는 경우",
                  "timedOut": null,
                  "duration": 7959,
                  "state": "passed",
                  "speed": "medium",
                  "pass": true,
                  "fail": false,
                  "pending": false,
                  "context": null,
                  "code": "// 작성\ncy.get('#create__category').select(category, { force: true });\ncy.get('#create__title').type(title);\ncy.get('#create__explanation').type(explanation);\n// 파일 부분은 display가 none이므로 force를 true로 해야 한다.\ncy.get('#create__file').selectFile(file, { force: true });\ncy.get('#create__submit').click();\n// 확인\ncy.url().should('contain', 'article');\ncy.get('#article__category').should('contain', category);\ncy.get('#article__writer').should('contain', 'asdf');\ncy.get('#article__title').should('contain', title);\ncy.get('#article__explanation').should('contain', explanation);\ncy.get('#article__file').should('exist');\n// 삭제\ncy.get('#article__delete').click();\ncy.on('window:confirm', function (str) { return true; });\ncy.get('#article-deletion-page').should('exist');",
                  "err": {},
                  "uuid": "41e2f0e5-efb5-44d7-9a0b-d51265b83e16",
                  "parentUUID": "13ccb072-0511-40a5-961f-5e88e6530ea4",
                  "isHook": false,
                  "skipped": false
                }
              ],
              "suites": [],
              "passes": [
                "9a89ddf5-4f74-444b-bc40-61cc358e4373",
                "41e2f0e5-efb5-44d7-9a0b-d51265b83e16"
              ],
              "failures": [],
              "pending": [],
              "skipped": [],
              "duration": 28520,
              "root": false,
              "rootEmpty": false,
              "_timeout": 2000
            }
          ],
          "passes": [],
          "failures": [],
          "pending": [],
          "skipped": [],
          "duration": 0,
          "root": false,
          "rootEmpty": false,
          "_timeout": 2000
        }
      ],
      "passes": [],
      "failures": [],
      "pending": [],
      "skipped": [],
      "duration": 0,
      "root": true,
      "rootEmpty": true,
      "_timeout": 2000
    },
    {
      "uuid": "be44b3dc-f48a-425d-a81a-50fd4b4a68e8",
      "title": "",
      "fullFile": "cypress\\e2e\\article-edit.ts",
      "file": "cypress\\e2e\\article-edit.ts",
      "beforeHooks": [],
      "afterHooks": [],
      "tests": [],
      "suites": [
        {
          "uuid": "00207de2-d706-4328-ad6b-e1f58f1fec06",
          "title": "글 수정하기",
          "fullFile": "",
          "file": "",
          "beforeHooks": [],
          "afterHooks": [],
          "tests": [],
          "suites": [
            {
              "uuid": "38515761-8055-481c-9ff0-3d939706ca4a",
              "title": "로그아웃 상황",
              "fullFile": "",
              "file": "",
              "beforeHooks": [],
              "afterHooks": [],
              "tests": [
                {
                  "title": "수정할 수 없다는 메시지가 보여야 한다.",
                  "fullTitle": "글 수정하기 로그아웃 상황 수정할 수 없다는 메시지가 보여야 한다.",
                  "timedOut": null,
                  "duration": 7306,
                  "state": "passed",
                  "speed": "medium",
                  "pass": true,
                  "fail": false,
                  "pending": false,
                  "context": null,
                  "code": "cy.visit(\"/edit/\".concat(articleid));\ncy.get('#edit-page__no-author').should('exist');\ncy.visit('/');",
                  "err": {},
                  "uuid": "1b08194e-8b09-458d-912d-2e3b263b4f34",
                  "parentUUID": "38515761-8055-481c-9ff0-3d939706ca4a",
                  "isHook": false,
                  "skipped": false
                }
              ],
              "suites": [],
              "passes": [
                "1b08194e-8b09-458d-912d-2e3b263b4f34"
              ],
              "failures": [],
              "pending": [],
              "skipped": [],
              "duration": 7306,
              "root": false,
              "rootEmpty": false,
              "_timeout": 2000
            },
            {
              "uuid": "20a30bd0-3171-4651-b26a-047920c60183",
              "title": "로그인 상황",
              "fullFile": "",
              "file": "",
              "beforeHooks": [],
              "afterHooks": [],
              "tests": [
                {
                  "title": "원래 -> 변형",
                  "fullTitle": "글 수정하기 로그인 상황 원래 -> 변형",
                  "timedOut": null,
                  "duration": 12531,
                  "state": "passed",
                  "speed": "slow",
                  "pass": true,
                  "fail": false,
                  "pending": false,
                  "context": null,
                  "code": "// 작성 전에 기존에 글이 남아 있는지 확인\ncy.get('#edit__title').should('have.value', original_title);\n// 작성\ncy.get('#edit__category').select(changed_category, { force: true });\ncy.get('#edit__title').clear().type(changed_title);\ncy.get('#edit__explanation').clear().type(changed_explanation);\n// 파일 부분은 display가 none이므로 force를 true로 해야 한다.\ncy.get('#edit__file').selectFile(changed_file, { force: true });\ncy.get('#edit__submit').click();\n// 확인\ncy.url().should('contain', 'article');\ncy.get('#article__category').should('contain', changed_category);\ncy.get('#article__writer').should('contain', 'asdf');\ncy.get('#article__title').should('contain', changed_title);\ncy.get('#article__explanation').should('contain', changed_explanation);\ncy.get('#article__file').should('exist');\n// 작성 목록에서 확인하기\n// cy.visit('/profile');\nObject(cypress_support_to_profile__WEBPACK_IMPORTED_MODULE_1__[\"default\"])();\ncy.get('#profile-button__wrote').click();\ncy.get('#article-card').contains(changed_title).should('exist');",
                  "err": {},
                  "uuid": "74cf31ac-9f23-488a-bd5c-649b4b5b2eb8",
                  "parentUUID": "20a30bd0-3171-4651-b26a-047920c60183",
                  "isHook": false,
                  "skipped": false
                },
                {
                  "title": "변형 -> 원래",
                  "fullTitle": "글 수정하기 로그인 상황 변형 -> 원래",
                  "timedOut": null,
                  "duration": 10988,
                  "state": "passed",
                  "speed": "slow",
                  "pass": true,
                  "fail": false,
                  "pending": false,
                  "context": null,
                  "code": "// 작성\ncy.get('#edit__category').select(original_category, { force: true });\ncy.get('#edit__title').clear().type(original_title);\ncy.get('#edit__explanation').clear().type(original_explanation);\n// 파일 부분은 display가 none이므로 force를 true로 해야 한다.\ncy.get('#edit__file').selectFile(original_file, { force: true });\ncy.get('#edit__submit').click();\n// 확인\ncy.url().should('contain', 'article');\ncy.get('#article__category').should('contain', original_category);\ncy.get('#article__writer').should('contain', 'asdf');\ncy.get('#article__title').should('contain', original_title);\ncy.get('#article__explanation').should('contain', original_explanation);\ncy.get('#article__file').should('exist');\n// 작성 목록에서 확인하기\n// cy.visit('/profile');\nObject(cypress_support_to_profile__WEBPACK_IMPORTED_MODULE_1__[\"default\"])();\ncy.get('#profile-button__wrote').click();\ncy.get('#article-card').contains(original_title).should('exist');",
                  "err": {},
                  "uuid": "ad92d92b-2edc-45ca-83bf-9c36be13e67a",
                  "parentUUID": "20a30bd0-3171-4651-b26a-047920c60183",
                  "isHook": false,
                  "skipped": false
                }
              ],
              "suites": [],
              "passes": [
                "74cf31ac-9f23-488a-bd5c-649b4b5b2eb8",
                "ad92d92b-2edc-45ca-83bf-9c36be13e67a"
              ],
              "failures": [],
              "pending": [],
              "skipped": [],
              "duration": 23519,
              "root": false,
              "rootEmpty": false,
              "_timeout": 2000
            }
          ],
          "passes": [],
          "failures": [],
          "pending": [],
          "skipped": [],
          "duration": 0,
          "root": false,
          "rootEmpty": false,
          "_timeout": 2000
        }
      ],
      "passes": [],
      "failures": [],
      "pending": [],
      "skipped": [],
      "duration": 0,
      "root": true,
      "rootEmpty": true,
      "_timeout": 2000
    },
    {
      "uuid": "2e5da3b7-b09c-4829-a819-b2e314b3bb08",
      "title": "",
      "fullFile": "cypress\\e2e\\article-read.ts",
      "file": "cypress\\e2e\\article-read.ts",
      "beforeHooks": [],
      "afterHooks": [],
      "tests": [],
      "suites": [
        {
          "uuid": "b179a778-88dd-4f0f-a122-3e011a350b78",
          "title": "글 읽기",
          "fullFile": "",
          "file": "",
          "beforeHooks": [],
          "afterHooks": [],
          "tests": [],
          "suites": [
            {
              "uuid": "1a1d3a40-b54e-4fd0-90e1-91e511dcbb14",
              "title": "로그아웃 상황",
              "fullFile": "",
              "file": "",
              "beforeHooks": [],
              "afterHooks": [],
              "tests": [
                {
                  "title": "구성 요소가 있는지 확인",
                  "fullTitle": "글 읽기 로그아웃 상황 구성 요소가 있는지 확인",
                  "timedOut": null,
                  "duration": 3112,
                  "state": "passed",
                  "speed": "fast",
                  "pass": true,
                  "fail": false,
                  "pending": false,
                  "context": null,
                  "code": "cy.get('#article__category').should('exist');\ncy.get('#article__date').should('exist');\ncy.get('#article__writer').should('exist');\ncy.get('#article__title').should('exist');\ncy.get('#article__explanation').should('exist');\ncy.get('#article__file').should('exist');\ncy.get('#article__comment-title').should('exist');\ncy.get('#comment__whole').should('exist');",
                  "err": {},
                  "uuid": "735c4dab-94f8-412f-bf5c-a911ea1680a4",
                  "parentUUID": "1a1d3a40-b54e-4fd0-90e1-91e511dcbb14",
                  "isHook": false,
                  "skipped": false
                }
              ],
              "suites": [],
              "passes": [
                "735c4dab-94f8-412f-bf5c-a911ea1680a4"
              ],
              "failures": [],
              "pending": [],
              "skipped": [],
              "duration": 3112,
              "root": false,
              "rootEmpty": false,
              "_timeout": 2000
            },
            {
              "uuid": "cf0eb7db-aa12-4c41-9808-035f401180e9",
              "title": "로그인 상황",
              "fullFile": "",
              "file": "",
              "beforeHooks": [],
              "afterHooks": [],
              "tests": [
                {
                  "title": "로그인을 한 사람이라면 댓글을 작성할 수 있다.",
                  "fullTitle": "글 읽기 로그인 상황 로그인을 한 사람이라면 댓글을 작성할 수 있다.",
                  "timedOut": null,
                  "duration": 7915,
                  "state": "passed",
                  "speed": "medium",
                  "pass": true,
                  "fail": false,
                  "pending": false,
                  "context": null,
                  "code": "cy.get('#comment-form').should('exist');",
                  "err": {},
                  "uuid": "396f0402-7309-420f-964c-2bfba8bd2ef9",
                  "parentUUID": "cf0eb7db-aa12-4c41-9808-035f401180e9",
                  "isHook": false,
                  "skipped": false
                },
                {
                  "title": "자신이 쓴 글이라면 수정과 삭제 버튼이 있어야 한다.",
                  "fullTitle": "글 읽기 로그인 상황 자신이 쓴 글이라면 수정과 삭제 버튼이 있어야 한다.",
                  "timedOut": null,
                  "duration": 58,
                  "state": "passed",
                  "speed": "fast",
                  "pass": true,
                  "fail": false,
                  "pending": false,
                  "context": null,
                  "code": "cy.get('#article__to-edit').should('exist');\ncy.get('#article__delete').should('exist');",
                  "err": {},
                  "uuid": "a02068ac-d54a-4f22-8f3e-ad6fdc420337",
                  "parentUUID": "cf0eb7db-aa12-4c41-9808-035f401180e9",
                  "isHook": false,
                  "skipped": false
                }
              ],
              "suites": [],
              "passes": [
                "396f0402-7309-420f-964c-2bfba8bd2ef9",
                "a02068ac-d54a-4f22-8f3e-ad6fdc420337"
              ],
              "failures": [],
              "pending": [],
              "skipped": [],
              "duration": 7973,
              "root": false,
              "rootEmpty": false,
              "_timeout": 2000
            }
          ],
          "passes": [],
          "failures": [],
          "pending": [],
          "skipped": [],
          "duration": 0,
          "root": false,
          "rootEmpty": false,
          "_timeout": 2000
        }
      ],
      "passes": [],
      "failures": [],
      "pending": [],
      "skipped": [],
      "duration": 0,
      "root": true,
      "rootEmpty": true,
      "_timeout": 2000
    },
    {
      "uuid": "3b83486b-a779-4123-86ac-a94b5e463277",
      "title": "",
      "fullFile": "cypress\\e2e\\card.ts",
      "file": "cypress\\e2e\\card.ts",
      "beforeHooks": [],
      "afterHooks": [],
      "tests": [],
      "suites": [
        {
          "uuid": "a5c32e89-0a31-4921-963f-27fc43e38b6a",
          "title": "카드",
          "fullFile": "",
          "file": "",
          "beforeHooks": [],
          "afterHooks": [],
          "tests": [
            {
              "title": "카테고리가 한글로 되어 있어야 한다.",
              "fullTitle": "카드 카테고리가 한글로 되어 있어야 한다.",
              "timedOut": null,
              "duration": 2137,
              "state": "passed",
              "speed": "fast",
              "pass": true,
              "fail": false,
              "pending": false,
              "context": null,
              "code": "cy.get('#article-card__others').should('contain', '사회');",
              "err": {},
              "uuid": "a0a62d96-611e-4a4f-8e5f-2d7774ab4daf",
              "parentUUID": "a5c32e89-0a31-4921-963f-27fc43e38b6a",
              "isHook": false,
              "skipped": false
            },
            {
              "title": "날짜가 한글로 되어 있어야 한다.",
              "fullTitle": "카드 날짜가 한글로 되어 있어야 한다.",
              "timedOut": null,
              "duration": 211,
              "state": "passed",
              "speed": "fast",
              "pass": true,
              "fail": false,
              "pending": false,
              "context": null,
              "code": "cy.get('#article-card__others').should('contain', '년');",
              "err": {},
              "uuid": "83a698f2-0e69-4e3a-a4a8-ec88d55a60e2",
              "parentUUID": "a5c32e89-0a31-4921-963f-27fc43e38b6a",
              "isHook": false,
              "skipped": false
            }
          ],
          "suites": [],
          "passes": [
            "a0a62d96-611e-4a4f-8e5f-2d7774ab4daf",
            "83a698f2-0e69-4e3a-a4a8-ec88d55a60e2"
          ],
          "failures": [],
          "pending": [],
          "skipped": [],
          "duration": 2348,
          "root": false,
          "rootEmpty": false,
          "_timeout": 2000
        }
      ],
      "passes": [],
      "failures": [],
      "pending": [],
      "skipped": [],
      "duration": 0,
      "root": true,
      "rootEmpty": true,
      "_timeout": 2000
    },
    {
      "uuid": "fb3bc3df-b798-4f8a-82cc-fd51cb49ae42",
      "title": "",
      "fullFile": "cypress\\e2e\\category-page.ts",
      "file": "cypress\\e2e\\category-page.ts",
      "beforeHooks": [],
      "afterHooks": [],
      "tests": [],
      "suites": [
        {
          "uuid": "074db6dd-fd14-4ed0-8473-79f199938d15",
          "title": "카테고리 페이지",
          "fullFile": "",
          "file": "",
          "beforeHooks": [],
          "afterHooks": [],
          "tests": [
            {
              "title": "구성 요소 확인",
              "fullTitle": "카테고리 페이지 구성 요소 확인",
              "timedOut": null,
              "duration": 2932,
              "state": "passed",
              "speed": "fast",
              "pass": true,
              "fail": false,
              "pending": false,
              "context": null,
              "code": "cy.visit('/category/society/1');\ncy.get('#category-page__title').should('exist');\ncy.get('#article-card').should('exist');\ncy.get('#category-page__paginate').should('exist');",
              "err": {},
              "uuid": "4f0e2473-ca86-425c-aba5-86ace914cfca",
              "parentUUID": "074db6dd-fd14-4ed0-8473-79f199938d15",
              "isHook": false,
              "skipped": false
            },
            {
              "title": "페이지네이션",
              "fullTitle": "카테고리 페이지 페이지네이션",
              "timedOut": null,
              "duration": 764,
              "state": "passed",
              "speed": "fast",
              "pass": true,
              "fail": false,
              "pending": false,
              "context": null,
              "code": "cy.get('#category-page__paginate').contains('2').click();\ncy.url().should('contain', '2');",
              "err": {},
              "uuid": "3ac9ba32-bc04-4607-a671-469817a14cde",
              "parentUUID": "074db6dd-fd14-4ed0-8473-79f199938d15",
              "isHook": false,
              "skipped": false
            },
            {
              "title": "글로 이동",
              "fullTitle": "카테고리 페이지 글로 이동",
              "timedOut": null,
              "duration": 528,
              "state": "passed",
              "speed": "fast",
              "pass": true,
              "fail": false,
              "pending": false,
              "context": null,
              "code": "cy.get('#article-card').click();\ncy.url().should('contain', 'article');",
              "err": {},
              "uuid": "36c23d72-e51b-4fe4-880e-93978e414ab5",
              "parentUUID": "074db6dd-fd14-4ed0-8473-79f199938d15",
              "isHook": false,
              "skipped": false
            }
          ],
          "suites": [],
          "passes": [
            "4f0e2473-ca86-425c-aba5-86ace914cfca",
            "3ac9ba32-bc04-4607-a671-469817a14cde",
            "36c23d72-e51b-4fe4-880e-93978e414ab5"
          ],
          "failures": [],
          "pending": [],
          "skipped": [],
          "duration": 4224,
          "root": false,
          "rootEmpty": false,
          "_timeout": 2000
        }
      ],
      "passes": [],
      "failures": [],
      "pending": [],
      "skipped": [],
      "duration": 0,
      "root": true,
      "rootEmpty": true,
      "_timeout": 2000
    },
    {
      "uuid": "0f760388-1ad9-4d49-b051-c01fa48bf0e0",
      "title": "",
      "fullFile": "cypress\\e2e\\comment.ts",
      "file": "cypress\\e2e\\comment.ts",
      "beforeHooks": [],
      "afterHooks": [],
      "tests": [],
      "suites": [
        {
          "uuid": "f4bc5317-0f0b-4654-a3d3-819e3d1deaaa",
          "title": "댓글",
          "fullFile": "",
          "file": "",
          "beforeHooks": [],
          "afterHooks": [],
          "tests": [
            {
              "title": "작성 -> 확인 -> 삭제",
              "fullTitle": "댓글 작성 -> 확인 -> 삭제",
              "timedOut": null,
              "duration": 16722,
              "state": "passed",
              "speed": "slow",
              "pass": true,
              "fail": false,
              "pending": false,
              "context": null,
              "code": "// 로그인하기\nObject(cypress_support_sign__WEBPACK_IMPORTED_MODULE_0__[\"login\"])('asdf@gmail.com', 'asdf1234');\n// 이동하기\ncy.visit('/article/9mDSqenHRWNZTvCvsSew');\n// 작성\ncy.get('#comment-form__content').type(content);\ncy.get('#comment-form__submit').click();\n// 작성 확인\ncy.contains(content).should('exist');\n// 삭제\ncy.get('#comment__delete').click();\ncy.on('window:confirm', function (str) { return true; });\n// 삭제 확인\ncy.contains(content).should('not.exist');\n// 로그아웃하기\nObject(cypress_support_sign__WEBPACK_IMPORTED_MODULE_0__[\"logout\"])();",
              "err": {},
              "uuid": "34efc8c3-2787-4d3e-90e2-990ca308666a",
              "parentUUID": "f4bc5317-0f0b-4654-a3d3-819e3d1deaaa",
              "isHook": false,
              "skipped": false
            }
          ],
          "suites": [],
          "passes": [
            "34efc8c3-2787-4d3e-90e2-990ca308666a"
          ],
          "failures": [],
          "pending": [],
          "skipped": [],
          "duration": 16722,
          "root": false,
          "rootEmpty": false,
          "_timeout": 2000
        }
      ],
      "passes": [],
      "failures": [],
      "pending": [],
      "skipped": [],
      "duration": 0,
      "root": true,
      "rootEmpty": true,
      "_timeout": 2000
    },
    {
      "uuid": "894ce92a-7b49-416a-965c-16d3c7376769",
      "title": "",
      "fullFile": "cypress\\e2e\\home.ts",
      "file": "cypress\\e2e\\home.ts",
      "beforeHooks": [],
      "afterHooks": [],
      "tests": [],
      "suites": [
        {
          "uuid": "5e5fe5d5-8a45-44be-87a0-fa3481509ed1",
          "title": "홈페이지",
          "fullFile": "",
          "file": "",
          "beforeHooks": [],
          "afterHooks": [],
          "tests": [
            {
              "title": "각종 부분이 있는지 체크하기",
              "fullTitle": "홈페이지 각종 부분이 있는지 체크하기",
              "timedOut": null,
              "duration": 3052,
              "state": "passed",
              "speed": "fast",
              "pass": true,
              "fail": false,
              "pending": false,
              "context": null,
              "code": "cy.visit('/');\ncy.get('header');\ncy.get('#welcome');\ncy.get('#intro');\ncy.get('footer');",
              "err": {},
              "uuid": "a1f96df7-99ad-42e9-bbb8-6077f33f1502",
              "parentUUID": "5e5fe5d5-8a45-44be-87a0-fa3481509ed1",
              "isHook": false,
              "skipped": false
            },
            {
              "title": "카테고리 클릭해서 이동하기",
              "fullTitle": "홈페이지 카테고리 클릭해서 이동하기",
              "timedOut": null,
              "duration": 3870,
              "state": "passed",
              "speed": "fast",
              "pass": true,
              "fail": false,
              "pending": false,
              "context": null,
              "code": "cy.get('#category-menu__button').click();\ncy.get('#category-menu__button').click();\ncy.get('#category-menu__result').contains('사회').click();\ncy.url().should('contain', 'category');\ncy.url().should('contain', 'society');\ncy.visit('/');",
              "err": {},
              "uuid": "186226ad-bbbd-4319-91e0-715d3bb7d438",
              "parentUUID": "5e5fe5d5-8a45-44be-87a0-fa3481509ed1",
              "isHook": false,
              "skipped": false
            },
            {
              "title": "카테고리 hover해서 이동하기",
              "fullTitle": "홈페이지 카테고리 hover해서 이동하기",
              "timedOut": null,
              "duration": 2708,
              "state": "passed",
              "speed": "fast",
              "pass": true,
              "fail": false,
              "pending": false,
              "context": null,
              "code": "// 코드는 mouseeneter로 했지만 여기서는 mouseover로 하였다.\ncy.get('#category-menu__button').trigger('mouseover');\ncy.get('#category-menu__result').contains('사회').click();\ncy.url().should('contain', 'category');\ncy.url().should('contain', 'society');\ncy.visit('/');",
              "err": {},
              "uuid": "1330a951-4b19-4455-899b-27020230070b",
              "parentUUID": "5e5fe5d5-8a45-44be-87a0-fa3481509ed1",
              "isHook": false,
              "skipped": false
            },
            {
              "title": "카테고리 키보드로 이동하기",
              "fullTitle": "홈페이지 카테고리 키보드로 이동하기",
              "timedOut": null,
              "duration": 416,
              "state": "passed",
              "speed": "fast",
              "pass": true,
              "fail": false,
              "pending": false,
              "context": null,
              "code": "cy.get('#category-menu__result').should('have.css', 'display', 'none');\ncy.get('#category-menu__button').focus().type('{enter}');\ncy.get('#category-menu__result').should('not.have.css', 'display', 'none');",
              "err": {},
              "uuid": "52b4eb1c-c3a3-4924-92a7-e823c3c92d1b",
              "parentUUID": "5e5fe5d5-8a45-44be-87a0-fa3481509ed1",
              "isHook": false,
              "skipped": false
            },
            {
              "title": "작성 페이지로 이동",
              "fullTitle": "홈페이지 작성 페이지로 이동",
              "timedOut": null,
              "duration": 4549,
              "state": "passed",
              "speed": "fast",
              "pass": true,
              "fail": false,
              "pending": false,
              "context": null,
              "code": "cy.get('#to-create').click();\ncy.url().should('contain', 'create');\ncy.visit('/');",
              "err": {},
              "uuid": "81e1db82-0c0c-43da-a933-3845efaeb7e4",
              "parentUUID": "5e5fe5d5-8a45-44be-87a0-fa3481509ed1",
              "isHook": false,
              "skipped": false
            },
            {
              "title": "로그인 페이지로 이동",
              "fullTitle": "홈페이지 로그인 페이지로 이동",
              "timedOut": null,
              "duration": 3694,
              "state": "passed",
              "speed": "fast",
              "pass": true,
              "fail": false,
              "pending": false,
              "context": null,
              "code": "cy.get('header #to-login').click();\ncy.url().should('contain', 'sign');\ncy.visit('/');",
              "err": {},
              "uuid": "d6b33cf8-4c37-426e-a9fd-51dd3d218fdb",
              "parentUUID": "5e5fe5d5-8a45-44be-87a0-fa3481509ed1",
              "isHook": false,
              "skipped": false
            },
            {
              "title": "screen-medium 이하이면 검색창 사라지고 검색 버튼 생김",
              "fullTitle": "홈페이지 screen-medium 이하이면 검색창 사라지고 검색 버튼 생김",
              "timedOut": null,
              "duration": 151,
              "state": "passed",
              "speed": "fast",
              "pass": true,
              "fail": false,
              "pending": false,
              "context": null,
              "code": "cy.get('#search-narrow__container').should('have.css', 'display', 'none');\ncy.viewport(Cypress.env('screenMedium') - 1, 1000);\ncy.get('#search-narrow__container').should('not.have.css', 'display', 'none');",
              "err": {},
              "uuid": "5d780916-153a-4217-a9bd-316a36f39f6f",
              "parentUUID": "5e5fe5d5-8a45-44be-87a0-fa3481509ed1",
              "isHook": false,
              "skipped": false
            },
            {
              "title": "screen-tiny 이하이면 카테고리 줄어듬",
              "fullTitle": "홈페이지 screen-tiny 이하이면 카테고리 줄어듬",
              "timedOut": null,
              "duration": 124,
              "state": "passed",
              "speed": "fast",
              "pass": true,
              "fail": false,
              "pending": false,
              "context": null,
              "code": "cy.get('#category-narrow__button').should('have.css', 'display', 'none');\ncy.viewport(Cypress.env('screenTiny') - 1, 500);\ncy.get('#category-narrow__button').should('not.have.css', 'display', 'none');",
              "err": {},
              "uuid": "15f97f14-ae91-4a82-889f-c78d714050e7",
              "parentUUID": "5e5fe5d5-8a45-44be-87a0-fa3481509ed1",
              "isHook": false,
              "skipped": false
            }
          ],
          "suites": [],
          "passes": [
            "a1f96df7-99ad-42e9-bbb8-6077f33f1502",
            "186226ad-bbbd-4319-91e0-715d3bb7d438",
            "1330a951-4b19-4455-899b-27020230070b",
            "52b4eb1c-c3a3-4924-92a7-e823c3c92d1b",
            "81e1db82-0c0c-43da-a933-3845efaeb7e4",
            "d6b33cf8-4c37-426e-a9fd-51dd3d218fdb",
            "5d780916-153a-4217-a9bd-316a36f39f6f",
            "15f97f14-ae91-4a82-889f-c78d714050e7"
          ],
          "failures": [],
          "pending": [],
          "skipped": [],
          "duration": 18564,
          "root": false,
          "rootEmpty": false,
          "_timeout": 2000
        }
      ],
      "passes": [],
      "failures": [],
      "pending": [],
      "skipped": [],
      "duration": 0,
      "root": true,
      "rootEmpty": true,
      "_timeout": 2000
    },
    {
      "uuid": "ccbda716-6c1d-46de-a55f-751eb462d79e",
      "title": "",
      "fullFile": "cypress\\e2e\\initialize.ts",
      "file": "cypress\\e2e\\initialize.ts",
      "beforeHooks": [],
      "afterHooks": [],
      "tests": [
        {
          "title": "initialize",
          "fullTitle": "initialize",
          "timedOut": null,
          "duration": 2132,
          "state": "passed",
          "speed": "fast",
          "pass": true,
          "fail": false,
          "pending": false,
          "context": null,
          "code": "cy.visit('/');",
          "err": {},
          "uuid": "aede73e3-75eb-4102-b1ef-303d51cf489c",
          "parentUUID": "ccbda716-6c1d-46de-a55f-751eb462d79e",
          "isHook": false,
          "skipped": false
        }
      ],
      "suites": [],
      "passes": [
        "aede73e3-75eb-4102-b1ef-303d51cf489c"
      ],
      "failures": [],
      "pending": [],
      "skipped": [],
      "duration": 2132,
      "root": true,
      "rootEmpty": false,
      "_timeout": 2000
    },
    {
      "uuid": "a8abebb5-2ebd-4d26-baae-c8c40675ccbf",
      "title": "",
      "fullFile": "cypress\\e2e\\interest.ts",
      "file": "cypress\\e2e\\interest.ts",
      "beforeHooks": [],
      "afterHooks": [],
      "tests": [],
      "suites": [
        {
          "uuid": "3e01e236-2d0e-47c5-b0fa-f00b962d922d",
          "title": "관심 목록",
          "fullFile": "",
          "file": "",
          "beforeHooks": [],
          "afterHooks": [],
          "tests": [
            {
              "title": "추가하고 삭제하기",
              "fullTitle": "관심 목록 추가하고 삭제하기",
              "timedOut": null,
              "duration": 18825,
              "state": "passed",
              "speed": "slow",
              "pass": true,
              "fail": false,
              "pending": false,
              "context": null,
              "code": "// 로그인하기\nObject(cypress_support_sign__WEBPACK_IMPORTED_MODULE_0__[\"login\"])('qwer@gmail.com', 'asdf1234');\ncy.visit('/article/9mDSqenHRWNZTvCvsSew');\n// 추가하기\ncy.get('#article__interest-button').click();\ncy.get('#article__interest-button svg').should('have.attr', 'data-prefix', 'fas');\n// 프로필에서 확인하기\ncy.visit('/profile');\ncy.get('#profile-button__interest').click();\ncy.contains(titleText).click();\n// 해제하기\ncy.get('#article__interest-button svg').should('have.attr', 'data-prefix', 'fas');\ncy.get('#article__interest-button').click();\ncy.get('#article__interest-button svg').should('have.attr', 'data-prefix', 'far');\n// 프로필에서 확인하기\ncy.visit('/profile');\ncy.get('#profile-button__interest').click();\ncy.contains(titleText).should('not.exist');\n// 로그아웃하기\nObject(cypress_support_sign__WEBPACK_IMPORTED_MODULE_0__[\"logout\"])();",
              "err": {},
              "uuid": "7de0af5e-eddf-4a2a-bc35-efafe0b9845c",
              "parentUUID": "3e01e236-2d0e-47c5-b0fa-f00b962d922d",
              "isHook": false,
              "skipped": false
            }
          ],
          "suites": [],
          "passes": [
            "7de0af5e-eddf-4a2a-bc35-efafe0b9845c"
          ],
          "failures": [],
          "pending": [],
          "skipped": [],
          "duration": 18825,
          "root": false,
          "rootEmpty": false,
          "_timeout": 2000
        }
      ],
      "passes": [],
      "failures": [],
      "pending": [],
      "skipped": [],
      "duration": 0,
      "root": true,
      "rootEmpty": true,
      "_timeout": 2000
    },
    {
      "uuid": "bd66e067-525b-425f-8b0d-d997ec79cd3e",
      "title": "",
      "fullFile": "cypress\\e2e\\login-logout.ts",
      "file": "cypress\\e2e\\login-logout.ts",
      "beforeHooks": [],
      "afterHooks": [],
      "tests": [],
      "suites": [
        {
          "uuid": "ab6874c0-2fb6-4344-a08e-5940f1596c86",
          "title": "로그인, 로그아웃",
          "fullFile": "",
          "file": "",
          "beforeHooks": [],
          "afterHooks": [],
          "tests": [
            {
              "title": "잘못된 아이디인 경우",
              "fullTitle": "로그인, 로그아웃 잘못된 아이디인 경우",
              "timedOut": null,
              "duration": 3773,
              "state": "passed",
              "speed": "fast",
              "pass": true,
              "fail": false,
              "pending": false,
              "context": null,
              "code": "cy.visit('/sign');\ncy.get('#email').type('aaaa@gmail.com');\ncy.get('#password').type('asdf1234');\ncy.get('#log-in').click();\ncy.on('window:alert', function (str) {\n    expect(str).to.equal('해당 계정이 존재하지 않습니다!');\n});",
              "err": {},
              "uuid": "1d568542-da6c-4f80-8321-d328d58323d5",
              "parentUUID": "ab6874c0-2fb6-4344-a08e-5940f1596c86",
              "isHook": false,
              "skipped": false
            },
            {
              "title": "잘못된 비밀번호인 경우",
              "fullTitle": "로그인, 로그아웃 잘못된 비밀번호인 경우",
              "timedOut": null,
              "duration": 2951,
              "state": "passed",
              "speed": "fast",
              "pass": true,
              "fail": false,
              "pending": false,
              "context": null,
              "code": "cy.visit('/sign');\ncy.get('#email').type('asdf@gmail.com');\ncy.get('#password').type('asdf12345');\ncy.get('#log-in').click();\ncy.on('window:alert', function (str) {\n    expect(str).to.equal('잘못된 비밀번호를 입력하셨습니다!');\n});",
              "err": {},
              "uuid": "91c5e1ce-486a-4691-b761-816016465184",
              "parentUUID": "ab6874c0-2fb6-4344-a08e-5940f1596c86",
              "isHook": false,
              "skipped": false
            },
            {
              "title": "로그인하기",
              "fullTitle": "로그인, 로그아웃 로그인하기",
              "timedOut": null,
              "duration": 4242,
              "state": "passed",
              "speed": "fast",
              "pass": true,
              "fail": false,
              "pending": false,
              "context": null,
              "code": "Object(cypress_support_sign__WEBPACK_IMPORTED_MODULE_0__[\"login\"])('asdf@gmail.com', 'asdf1234');",
              "err": {},
              "uuid": "3d5e2d7f-6936-48c9-b4a8-937edb728a4c",
              "parentUUID": "ab6874c0-2fb6-4344-a08e-5940f1596c86",
              "isHook": false,
              "skipped": false
            },
            {
              "title": "로그아웃하기",
              "fullTitle": "로그인, 로그아웃 로그아웃하기",
              "timedOut": null,
              "duration": 743,
              "state": "passed",
              "speed": "fast",
              "pass": true,
              "fail": false,
              "pending": false,
              "context": null,
              "code": "Object(cypress_support_sign__WEBPACK_IMPORTED_MODULE_0__[\"logout\"])();",
              "err": {},
              "uuid": "aea80f02-d99e-46f9-84c4-c3ca4db0e242",
              "parentUUID": "ab6874c0-2fb6-4344-a08e-5940f1596c86",
              "isHook": false,
              "skipped": false
            }
          ],
          "suites": [],
          "passes": [
            "1d568542-da6c-4f80-8321-d328d58323d5",
            "91c5e1ce-486a-4691-b761-816016465184",
            "3d5e2d7f-6936-48c9-b4a8-937edb728a4c",
            "aea80f02-d99e-46f9-84c4-c3ca4db0e242"
          ],
          "failures": [],
          "pending": [],
          "skipped": [],
          "duration": 11709,
          "root": false,
          "rootEmpty": false,
          "_timeout": 2000
        }
      ],
      "passes": [],
      "failures": [],
      "pending": [],
      "skipped": [],
      "duration": 0,
      "root": true,
      "rootEmpty": true,
      "_timeout": 2000
    },
    {
      "uuid": "483ccbf2-8265-424f-a5a1-7a9bd3353e74",
      "title": "",
      "fullFile": "cypress\\e2e\\profile-name.ts",
      "file": "cypress\\e2e\\profile-name.ts",
      "beforeHooks": [],
      "afterHooks": [],
      "tests": [],
      "suites": [
        {
          "uuid": "1b57bc20-a534-4d21-95e8-e28c89dea8e1",
          "title": "프로필 이름",
          "fullFile": "",
          "file": "",
          "beforeHooks": [],
          "afterHooks": [],
          "tests": [
            {
              "title": "바꿨다가 원래대로 돌리기",
              "fullTitle": "프로필 이름 바꿨다가 원래대로 돌리기",
              "timedOut": null,
              "duration": 9137,
              "state": "passed",
              "speed": "medium",
              "pass": true,
              "fail": false,
              "pending": false,
              "context": null,
              "code": "// 로그인하기\nObject(cypress_support_sign__WEBPACK_IMPORTED_MODULE_0__[\"login\"])('asdf@gmail.com', 'asdf1234');\n// 프로필에서 확인하기\ncy.visit('/profile');\n// 현재 이름 가져오기\ncy.get('#profile-name').invoke('text').as('originalName');\n// 이름 바꾸기\ncy.get('#profile-name__to-edit').click();\ncy.get('#profile-name__edit-input').clear().type(changedName);\ncy.get('#profile-name__edit-confirm').click();\ncy.get('#profile-name').should('have.text', changedName);\n// 원래로 돌리기\ncy.get('#profile-name__to-edit').click();\ncy.get('@originalName').then(function (originalName) {\n    cy.get('#profile-name__edit-input').clear().type(originalName);\n    cy.get('#profile-name__edit-confirm').click();\n    cy.get('#profile-name').should('have.text', originalName);\n});\n// 로그아웃하기\nObject(cypress_support_sign__WEBPACK_IMPORTED_MODULE_0__[\"logout\"])();",
              "err": {},
              "uuid": "b570c9a7-184d-4d7a-85a6-dfa810874184",
              "parentUUID": "1b57bc20-a534-4d21-95e8-e28c89dea8e1",
              "isHook": false,
              "skipped": false
            }
          ],
          "suites": [],
          "passes": [
            "b570c9a7-184d-4d7a-85a6-dfa810874184"
          ],
          "failures": [],
          "pending": [],
          "skipped": [],
          "duration": 9137,
          "root": false,
          "rootEmpty": false,
          "_timeout": 2000
        }
      ],
      "passes": [],
      "failures": [],
      "pending": [],
      "skipped": [],
      "duration": 0,
      "root": true,
      "rootEmpty": true,
      "_timeout": 2000
    },
    {
      "uuid": "b61ebf91-b055-4c1f-96a2-80d62cb9e556",
      "title": "",
      "fullFile": "cypress\\e2e\\search.ts",
      "file": "cypress\\e2e\\search.ts",
      "beforeHooks": [],
      "afterHooks": [],
      "tests": [],
      "suites": [
        {
          "uuid": "fa849932-f888-4b8f-a680-3ede446e3378",
          "title": "검색",
          "fullFile": "",
          "file": "",
          "beforeHooks": [],
          "afterHooks": [],
          "tests": [
            {
              "title": "wide한 상황에서 최신 글 찾고, 검색하기",
              "fullTitle": "검색 wide한 상황에서 최신 글 찾고, 검색하기",
              "timedOut": null,
              "duration": 8047,
              "state": "passed",
              "speed": "medium",
              "pass": true,
              "fail": false,
              "pending": false,
              "context": null,
              "code": "cy.visit('/category/society/1');\ncy.get('#article-card__title')\n    .first()\n    .then(function ($firstArticleCard) {\n    var titleText = $firstArticleCard.text();\n    cy.get('#search-wide-input').type(titleText);\n    cy.get('#search-wide-result').contains(titleText).click();\n    cy.url().should('contain', 'article');\n    cy.get('#article__title').should('have.text', titleText);\n});\ncy.visit('/category/society/1');",
              "err": {},
              "uuid": "148948fd-c46c-4e2d-bb9c-cfd1000eba18",
              "parentUUID": "fa849932-f888-4b8f-a680-3ede446e3378",
              "isHook": false,
              "skipped": false
            },
            {
              "title": "narrow한 상황에서 최신 글 찾고, 검색하기",
              "fullTitle": "검색 narrow한 상황에서 최신 글 찾고, 검색하기",
              "timedOut": null,
              "duration": 1135,
              "state": "passed",
              "speed": "fast",
              "pass": true,
              "fail": false,
              "pending": false,
              "context": null,
              "code": "cy.viewport(Cypress.env('screenMedium') - 1, 1000);\ncy.get('#search-narrow__button').click();\ncy.get('#article-card__title')\n    .first()\n    .then(function ($firstArticleCard) {\n    var titleText = $firstArticleCard.text();\n    cy.get('#search-narrow__input').type(titleText);\n    cy.get('#search-narrow__result').contains(titleText).click();\n    cy.url().should('contain', 'article');\n    cy.get('#article__title').should('have.text', titleText);\n});",
              "err": {},
              "uuid": "24ce587a-4053-4bb5-b375-e42955b0bb7f",
              "parentUUID": "fa849932-f888-4b8f-a680-3ede446e3378",
              "isHook": false,
              "skipped": false
            }
          ],
          "suites": [],
          "passes": [
            "148948fd-c46c-4e2d-bb9c-cfd1000eba18",
            "24ce587a-4053-4bb5-b375-e42955b0bb7f"
          ],
          "failures": [],
          "pending": [],
          "skipped": [],
          "duration": 9182,
          "root": false,
          "rootEmpty": false,
          "_timeout": 2000
        }
      ],
      "passes": [],
      "failures": [],
      "pending": [],
      "skipped": [],
      "duration": 0,
      "root": true,
      "rootEmpty": true,
      "_timeout": 2000
    },
    {
      "uuid": "02df5e0a-b8f8-4406-84aa-30bdee867254",
      "title": "",
      "fullFile": "cypress\\e2e\\signup-delete.ts",
      "file": "cypress\\e2e\\signup-delete.ts",
      "beforeHooks": [],
      "afterHooks": [],
      "tests": [],
      "suites": [
        {
          "uuid": "31eeef92-36e9-4bac-bfa2-74d6a5cfd493",
          "title": "회원가입, 탈퇴",
          "fullFile": "",
          "file": "",
          "beforeHooks": [],
          "afterHooks": [],
          "tests": [
            {
              "title": "비밀번호는 6자리 이상이어야 한다.",
              "fullTitle": "회원가입, 탈퇴 비밀번호는 6자리 이상이어야 한다.",
              "timedOut": null,
              "duration": 3974,
              "state": "passed",
              "speed": "fast",
              "pass": true,
              "fail": false,
              "pending": false,
              "context": null,
              "code": "cy.visit('/sign');\ncy.get('#email').type(email);\ncy.get('#password').type('1234');\ncy.get('#sign-up-button').click();\ncy.on('window:alert', function (str) {\n    expect(str).to.equal('비밀번호는 6자리 이상이어야 합니다!');\n});",
              "err": {},
              "uuid": "19c48f60-c43a-4b25-b4b0-899431bce845",
              "parentUUID": "31eeef92-36e9-4bac-bfa2-74d6a5cfd493",
              "isHook": false,
              "skipped": false
            },
            {
              "title": "회원가입",
              "fullTitle": "회원가입, 탈퇴 회원가입",
              "timedOut": null,
              "duration": 6373,
              "state": "passed",
              "speed": "medium",
              "pass": true,
              "fail": false,
              "pending": false,
              "context": null,
              "code": "cy.visit('/sign');\ncy.get('#email').type(email);\ncy.get('#password').type(password);\ncy.get('#sign-up-button').click();\ncy.get('#to-profile').should('exist');",
              "err": {},
              "uuid": "003da1f1-2350-42cb-ab51-980d017ad1c0",
              "parentUUID": "31eeef92-36e9-4bac-bfa2-74d6a5cfd493",
              "isHook": false,
              "skipped": false
            },
            {
              "title": "프로필에서 이름 확인",
              "fullTitle": "회원가입, 탈퇴 프로필에서 이름 확인",
              "timedOut": null,
              "duration": 4616,
              "state": "passed",
              "speed": "fast",
              "pass": true,
              "fail": false,
              "pending": false,
              "context": null,
              "code": "cy.visit('/profile');\ncy.get('#profile-name').should('have.text', email.split('@')[0]);",
              "err": {},
              "uuid": "6567e130-54a0-4859-8fb0-f615405dc306",
              "parentUUID": "31eeef92-36e9-4bac-bfa2-74d6a5cfd493",
              "isHook": false,
              "skipped": false
            },
            {
              "title": "탈퇴하기",
              "fullTitle": "회원가입, 탈퇴 탈퇴하기",
              "timedOut": null,
              "duration": 1268,
              "state": "passed",
              "speed": "fast",
              "pass": true,
              "fail": false,
              "pending": false,
              "context": null,
              "code": "cy.get('#delete-account-button').click();\ncy.get('#to-login').should('exist');",
              "err": {},
              "uuid": "5ef9faa8-e7f2-478b-9295-439403407fd4",
              "parentUUID": "31eeef92-36e9-4bac-bfa2-74d6a5cfd493",
              "isHook": false,
              "skipped": false
            }
          ],
          "suites": [],
          "passes": [
            "19c48f60-c43a-4b25-b4b0-899431bce845",
            "003da1f1-2350-42cb-ab51-980d017ad1c0",
            "6567e130-54a0-4859-8fb0-f615405dc306",
            "5ef9faa8-e7f2-478b-9295-439403407fd4"
          ],
          "failures": [],
          "pending": [],
          "skipped": [],
          "duration": 16231,
          "root": false,
          "rootEmpty": false,
          "_timeout": 2000
        }
      ],
      "passes": [],
      "failures": [],
      "pending": [],
      "skipped": [],
      "duration": 0,
      "root": true,
      "rootEmpty": true,
      "_timeout": 2000
    }
  ],
  "meta": {
    "mocha": {
      "version": "7.0.1"
    },
    "mochawesome": {
      "options": {
        "quiet": false,
        "reportFilename": "[name].json",
        "saveHtml": false,
        "saveJson": true,
        "consoleReporter": "spec",
        "useInlineDiffs": false,
        "code": true
      },
      "version": "7.1.3"
    },
    "marge": {
      "options": {
        "id": "default",
        "reportDir": "cypress/results",
        "reportFilename": "[name].json",
        "html": false,
        "json": true
      },
      "version": "6.2.0"
    }
  }
}