{
  "stats": {
    "suites": 13,
    "tests": 34,
    "passes": 34,
    "pending": 0,
    "failures": 0,
    "start": "2023-01-17T10:40:58.992Z",
    "end": "2023-01-17T10:44:14.162Z",
    "duration": 163093,
    "testsRegistered": 34,
    "passPercent": 100,
    "pendingPercent": 0,
    "other": 0,
    "hasOther": false,
    "skipped": 0,
    "hasSkipped": false
  },
  "results": [
    {
      "uuid": "a9036cc0-15f2-4fa2-b43a-1d856f396a8e",
      "title": "",
      "fullFile": "cypress\\e2e\\article-create-delete.ts",
      "file": "cypress\\e2e\\article-create-delete.ts",
      "beforeHooks": [],
      "afterHooks": [],
      "tests": [],
      "suites": [
        {
          "uuid": "bec52829-7d56-46bf-89e5-cdd186baf4dc",
          "title": "글 생성 및 삭제",
          "fullFile": "",
          "file": "",
          "beforeHooks": [],
          "afterHooks": [],
          "tests": [],
          "suites": [
            {
              "uuid": "6ca2578b-08d8-4581-a748-30797f262be8",
              "title": "로그아웃 상황",
              "fullFile": "",
              "file": "",
              "beforeHooks": [],
              "afterHooks": [],
              "tests": [
                {
                  "title": "생성할 수 없다는 메시지가 보여야 한다.",
                  "fullTitle": "글 생성 및 삭제 로그아웃 상황 생성할 수 없다는 메시지가 보여야 한다.",
                  "timedOut": null,
                  "duration": 4557,
                  "state": "passed",
                  "speed": "fast",
                  "pass": true,
                  "fail": false,
                  "pending": false,
                  "context": null,
                  "code": "cy.visit('/create');\ncy.get('#cannot-create').should('exist');\ncy.visit('/');",
                  "err": {},
                  "uuid": "800159d0-7653-4a2a-a8b5-ac07bb237884",
                  "parentUUID": "6ca2578b-08d8-4581-a748-30797f262be8",
                  "isHook": false,
                  "skipped": false
                }
              ],
              "suites": [],
              "passes": [
                "800159d0-7653-4a2a-a8b5-ac07bb237884"
              ],
              "failures": [],
              "pending": [],
              "skipped": [],
              "duration": 4557,
              "root": false,
              "rootEmpty": false,
              "_timeout": 2000
            },
            {
              "uuid": "9637203d-933a-41f6-8879-5bcdfcf051e9",
              "title": "로그인 상황",
              "fullFile": "",
              "file": "",
              "beforeHooks": [],
              "afterHooks": [],
              "tests": [
                {
                  "title": "파일이 없는 경우",
                  "fullTitle": "글 생성 및 삭제 로그인 상황 파일이 없는 경우",
                  "timedOut": null,
                  "duration": 18411,
                  "state": "passed",
                  "speed": "slow",
                  "pass": true,
                  "fail": false,
                  "pending": false,
                  "context": null,
                  "code": "// 작성\ncy.get('#create__category').select(category, { force: true });\ncy.get('#create__title').type(title);\ncy.get('#create__explanation').type(explanation);\ncy.get('#create__submit').click();\n// 확인\ncy.url().should('contain', 'article');\ncy.get('#article__category').should('contain', category);\ncy.get('#article__writer').should('contain', 'asdf');\ncy.get('#article__title').should('contain', title);\ncy.get('#article__explanation').should('contain', explanation);\n// 파일 버튼은 없어야 한다.\ncy.get('#article__file').should('not.exist');\n// 작성 목록에서 확인하기\ncy.visit('/profile');\ncy.get('#profile-button__wrote').click();\ncy.get('#article-card').contains(title).click();\n// 삭제\ncy.get('#article__delete').click();\ncy.on('window:confirm', function (str) { return true; });\ncy.get('#article-deletion-page').should('exist');\n// 작성 목록에서도 지워졌는지 확인\ncy.visit('/profile');\ncy.get('#profile-button__wrote').click();\ncy.contains(title).should('not.exist');",
                  "err": {},
                  "uuid": "fb110edb-092c-4c06-8276-9a9f33a4a75c",
                  "parentUUID": "9637203d-933a-41f6-8879-5bcdfcf051e9",
                  "isHook": false,
                  "skipped": false
                },
                {
                  "title": "파일이 있는 경우",
                  "fullTitle": "글 생성 및 삭제 로그인 상황 파일이 있는 경우",
                  "timedOut": null,
                  "duration": 8089,
                  "state": "passed",
                  "speed": "medium",
                  "pass": true,
                  "fail": false,
                  "pending": false,
                  "context": null,
                  "code": "// 작성\ncy.get('#create__category').select(category, { force: true });\ncy.get('#create__title').type(title);\ncy.get('#create__explanation').type(explanation);\n// 파일 부분은 display가 none이므로 force를 true로 해야 한다.\ncy.get('#create__file').selectFile(file, { force: true });\ncy.get('#create__submit').click();\n// 확인\ncy.url().should('contain', 'article');\ncy.get('#article__category').should('contain', category);\ncy.get('#article__writer').should('contain', 'asdf');\ncy.get('#article__title').should('contain', title);\ncy.get('#article__explanation').should('contain', explanation);\ncy.get('#article__file').should('exist');\n// 삭제\ncy.get('#article__delete').click();\ncy.on('window:confirm', function (str) { return true; });\ncy.get('#article-deletion-page').should('exist');",
                  "err": {},
                  "uuid": "c39919d6-b9fa-4d2e-ae6a-e970e3a5e22d",
                  "parentUUID": "9637203d-933a-41f6-8879-5bcdfcf051e9",
                  "isHook": false,
                  "skipped": false
                }
              ],
              "suites": [],
              "passes": [
                "fb110edb-092c-4c06-8276-9a9f33a4a75c",
                "c39919d6-b9fa-4d2e-ae6a-e970e3a5e22d"
              ],
              "failures": [],
              "pending": [],
              "skipped": [],
              "duration": 26500,
              "root": false,
              "rootEmpty": false,
              "_timeout": 2000
            }
          ],
          "passes": [],
          "failures": [],
          "pending": [],
          "skipped": [],
          "duration": 0,
          "root": false,
          "rootEmpty": false,
          "_timeout": 2000
        }
      ],
      "passes": [],
      "failures": [],
      "pending": [],
      "skipped": [],
      "duration": 0,
      "root": true,
      "rootEmpty": true,
      "_timeout": 2000
    },
    {
      "uuid": "762b6130-240e-46d8-bd3a-3cbcaa7cdc98",
      "title": "",
      "fullFile": "cypress\\e2e\\article-edit.ts",
      "file": "cypress\\e2e\\article-edit.ts",
      "beforeHooks": [],
      "afterHooks": [],
      "tests": [],
      "suites": [
        {
          "uuid": "1fcddac5-7bef-426d-b1a3-f9e26969bd7b",
          "title": "글 수정하기",
          "fullFile": "",
          "file": "",
          "beforeHooks": [],
          "afterHooks": [],
          "tests": [],
          "suites": [
            {
              "uuid": "96f141be-5c09-45c7-9aa7-463512aa69fd",
              "title": "로그아웃 상황",
              "fullFile": "",
              "file": "",
              "beforeHooks": [],
              "afterHooks": [],
              "tests": [
                {
                  "title": "수정할 수 없다는 메시지가 보여야 한다.",
                  "fullTitle": "글 수정하기 로그아웃 상황 수정할 수 없다는 메시지가 보여야 한다.",
                  "timedOut": null,
                  "duration": 5223,
                  "state": "passed",
                  "speed": "medium",
                  "pass": true,
                  "fail": false,
                  "pending": false,
                  "context": null,
                  "code": "cy.visit(\"/edit/\".concat(articleid));\ncy.get('#edit-page__no-author').should('exist');\ncy.visit('/');",
                  "err": {},
                  "uuid": "e568c5bd-ed42-40f3-a534-3dbf98272042",
                  "parentUUID": "96f141be-5c09-45c7-9aa7-463512aa69fd",
                  "isHook": false,
                  "skipped": false
                }
              ],
              "suites": [],
              "passes": [
                "e568c5bd-ed42-40f3-a534-3dbf98272042"
              ],
              "failures": [],
              "pending": [],
              "skipped": [],
              "duration": 5223,
              "root": false,
              "rootEmpty": false,
              "_timeout": 2000
            },
            {
              "uuid": "0165718f-d9f1-4c03-8e53-d1da3acc5a6c",
              "title": "로그인 상황",
              "fullFile": "",
              "file": "",
              "beforeHooks": [],
              "afterHooks": [],
              "tests": [
                {
                  "title": "원래 -> 변형",
                  "fullTitle": "글 수정하기 로그인 상황 원래 -> 변형",
                  "timedOut": null,
                  "duration": 11870,
                  "state": "passed",
                  "speed": "slow",
                  "pass": true,
                  "fail": false,
                  "pending": false,
                  "context": null,
                  "code": "// 작성 전에 기존에 글이 남아 있는지 확인\ncy.get('#edit__title').should('have.value', original_title);\n// 작성\ncy.get('#edit__category').select(changed_category, { force: true });\ncy.get('#edit__title').clear().type(changed_title);\ncy.get('#edit__explanation').clear().type(changed_explanation);\n// 파일 부분은 display가 none이므로 force를 true로 해야 한다.\ncy.get('#edit__file').selectFile(changed_file, { force: true });\ncy.get('#edit__submit').click();\n// 확인\ncy.url().should('contain', 'article');\ncy.get('#article__category').should('contain', changed_category);\ncy.get('#article__writer').should('contain', 'asdf');\ncy.get('#article__title').should('contain', changed_title);\ncy.get('#article__explanation').should('contain', changed_explanation);\ncy.get('#article__file').should('exist');\n// 작성 목록에서 확인하기\n// cy.visit('/profile');\nObject(cypress_support_to_profile__WEBPACK_IMPORTED_MODULE_1__[\"default\"])();\ncy.get('#profile-button__wrote').click();\ncy.get('#article-card').contains(changed_title).should('exist');",
                  "err": {},
                  "uuid": "80cffc77-396f-4fbd-bb29-5c90bdb08a95",
                  "parentUUID": "0165718f-d9f1-4c03-8e53-d1da3acc5a6c",
                  "isHook": false,
                  "skipped": false
                },
                {
                  "title": "변형 -> 원래",
                  "fullTitle": "글 수정하기 로그인 상황 변형 -> 원래",
                  "timedOut": null,
                  "duration": 11139,
                  "state": "passed",
                  "speed": "slow",
                  "pass": true,
                  "fail": false,
                  "pending": false,
                  "context": null,
                  "code": "// 작성\ncy.get('#edit__category').select(original_category, { force: true });\ncy.get('#edit__title').clear().type(original_title);\ncy.get('#edit__explanation').clear().type(original_explanation);\n// 파일 부분은 display가 none이므로 force를 true로 해야 한다.\ncy.get('#edit__file').selectFile(original_file, { force: true });\ncy.get('#edit__submit').click();\n// 확인\ncy.url().should('contain', 'article');\ncy.get('#article__category').should('contain', original_category);\ncy.get('#article__writer').should('contain', 'asdf');\ncy.get('#article__title').should('contain', original_title);\ncy.get('#article__explanation').should('contain', original_explanation);\ncy.get('#article__file').should('exist');\n// 작성 목록에서 확인하기\n// cy.visit('/profile');\nObject(cypress_support_to_profile__WEBPACK_IMPORTED_MODULE_1__[\"default\"])();\ncy.get('#profile-button__wrote').click();\ncy.get('#article-card').contains(original_title).should('exist');",
                  "err": {},
                  "uuid": "663fff60-3e7c-43db-b870-80cb1c3180bf",
                  "parentUUID": "0165718f-d9f1-4c03-8e53-d1da3acc5a6c",
                  "isHook": false,
                  "skipped": false
                }
              ],
              "suites": [],
              "passes": [
                "80cffc77-396f-4fbd-bb29-5c90bdb08a95",
                "663fff60-3e7c-43db-b870-80cb1c3180bf"
              ],
              "failures": [],
              "pending": [],
              "skipped": [],
              "duration": 23009,
              "root": false,
              "rootEmpty": false,
              "_timeout": 2000
            }
          ],
          "passes": [],
          "failures": [],
          "pending": [],
          "skipped": [],
          "duration": 0,
          "root": false,
          "rootEmpty": false,
          "_timeout": 2000
        }
      ],
      "passes": [],
      "failures": [],
      "pending": [],
      "skipped": [],
      "duration": 0,
      "root": true,
      "rootEmpty": true,
      "_timeout": 2000
    },
    {
      "uuid": "c508e7c1-f801-4ee4-b859-b0c2f7ce6dd1",
      "title": "",
      "fullFile": "cypress\\e2e\\article-read.ts",
      "file": "cypress\\e2e\\article-read.ts",
      "beforeHooks": [],
      "afterHooks": [],
      "tests": [],
      "suites": [
        {
          "uuid": "6957b25d-50c0-4a25-9ef1-79cf948b5c7e",
          "title": "글 읽기",
          "fullFile": "",
          "file": "",
          "beforeHooks": [],
          "afterHooks": [],
          "tests": [],
          "suites": [
            {
              "uuid": "8633c509-ed16-42eb-8821-ceee76b5011f",
              "title": "로그아웃 상황",
              "fullFile": "",
              "file": "",
              "beforeHooks": [],
              "afterHooks": [],
              "tests": [
                {
                  "title": "구성 요소가 있는지 확인",
                  "fullTitle": "글 읽기 로그아웃 상황 구성 요소가 있는지 확인",
                  "timedOut": null,
                  "duration": 2703,
                  "state": "passed",
                  "speed": "fast",
                  "pass": true,
                  "fail": false,
                  "pending": false,
                  "context": null,
                  "code": "cy.get('#article__category').should('exist');\ncy.get('#article__date').should('exist');\ncy.get('#article__writer').should('exist');\ncy.get('#article__title').should('exist');\ncy.get('#article__explanation').should('exist');\ncy.get('#article__file').should('exist');\ncy.get('#article__comment-title').should('exist');\ncy.get('#comment__whole').should('exist');",
                  "err": {},
                  "uuid": "1317711d-0f3a-4227-8b15-4d1475fafec5",
                  "parentUUID": "8633c509-ed16-42eb-8821-ceee76b5011f",
                  "isHook": false,
                  "skipped": false
                }
              ],
              "suites": [],
              "passes": [
                "1317711d-0f3a-4227-8b15-4d1475fafec5"
              ],
              "failures": [],
              "pending": [],
              "skipped": [],
              "duration": 2703,
              "root": false,
              "rootEmpty": false,
              "_timeout": 2000
            },
            {
              "uuid": "c9334062-c900-4cc5-a329-631c3dd6414b",
              "title": "로그인 상황",
              "fullFile": "",
              "file": "",
              "beforeHooks": [],
              "afterHooks": [],
              "tests": [
                {
                  "title": "로그인을 한 사람이라면 댓글을 작성할 수 있다.",
                  "fullTitle": "글 읽기 로그인 상황 로그인을 한 사람이라면 댓글을 작성할 수 있다.",
                  "timedOut": null,
                  "duration": 7243,
                  "state": "passed",
                  "speed": "medium",
                  "pass": true,
                  "fail": false,
                  "pending": false,
                  "context": null,
                  "code": "cy.get('#comment-form').should('exist');",
                  "err": {},
                  "uuid": "f0bcdb10-4f32-4ea3-bee3-620a5ed320d8",
                  "parentUUID": "c9334062-c900-4cc5-a329-631c3dd6414b",
                  "isHook": false,
                  "skipped": false
                },
                {
                  "title": "자신이 쓴 글이라면 수정과 삭제 버튼이 있어야 한다.",
                  "fullTitle": "글 읽기 로그인 상황 자신이 쓴 글이라면 수정과 삭제 버튼이 있어야 한다.",
                  "timedOut": null,
                  "duration": 71,
                  "state": "passed",
                  "speed": "fast",
                  "pass": true,
                  "fail": false,
                  "pending": false,
                  "context": null,
                  "code": "cy.get('#article__to-edit').should('exist');\ncy.get('#article__delete').should('exist');",
                  "err": {},
                  "uuid": "5b836833-4f05-4028-a8aa-350b2b6f5d0d",
                  "parentUUID": "c9334062-c900-4cc5-a329-631c3dd6414b",
                  "isHook": false,
                  "skipped": false
                }
              ],
              "suites": [],
              "passes": [
                "f0bcdb10-4f32-4ea3-bee3-620a5ed320d8",
                "5b836833-4f05-4028-a8aa-350b2b6f5d0d"
              ],
              "failures": [],
              "pending": [],
              "skipped": [],
              "duration": 7314,
              "root": false,
              "rootEmpty": false,
              "_timeout": 2000
            }
          ],
          "passes": [],
          "failures": [],
          "pending": [],
          "skipped": [],
          "duration": 0,
          "root": false,
          "rootEmpty": false,
          "_timeout": 2000
        }
      ],
      "passes": [],
      "failures": [],
      "pending": [],
      "skipped": [],
      "duration": 0,
      "root": true,
      "rootEmpty": true,
      "_timeout": 2000
    },
    {
      "uuid": "775b45b2-c577-4764-8c6a-0d6f66fd3d1f",
      "title": "",
      "fullFile": "cypress\\e2e\\card.ts",
      "file": "cypress\\e2e\\card.ts",
      "beforeHooks": [],
      "afterHooks": [],
      "tests": [],
      "suites": [
        {
          "uuid": "d4b72e62-845d-4c86-a00c-b119650e76d3",
          "title": "카드",
          "fullFile": "",
          "file": "",
          "beforeHooks": [],
          "afterHooks": [],
          "tests": [
            {
              "title": "카테고리가 한글로 되어 있어야 한다.",
              "fullTitle": "카드 카테고리가 한글로 되어 있어야 한다.",
              "timedOut": null,
              "duration": 1953,
              "state": "passed",
              "speed": "fast",
              "pass": true,
              "fail": false,
              "pending": false,
              "context": null,
              "code": "cy.get('#article-card__others').should('contain', '사회');",
              "err": {},
              "uuid": "7e284631-017a-4ecb-9bb9-20918a6284ea",
              "parentUUID": "d4b72e62-845d-4c86-a00c-b119650e76d3",
              "isHook": false,
              "skipped": false
            },
            {
              "title": "날짜가 한글로 되어 있어야 한다.",
              "fullTitle": "카드 날짜가 한글로 되어 있어야 한다.",
              "timedOut": null,
              "duration": 163,
              "state": "passed",
              "speed": "fast",
              "pass": true,
              "fail": false,
              "pending": false,
              "context": null,
              "code": "cy.get('#article-card__others').should('contain', '년');",
              "err": {},
              "uuid": "a7cabf52-73ad-4b67-b768-c5d9c38e14c0",
              "parentUUID": "d4b72e62-845d-4c86-a00c-b119650e76d3",
              "isHook": false,
              "skipped": false
            }
          ],
          "suites": [],
          "passes": [
            "7e284631-017a-4ecb-9bb9-20918a6284ea",
            "a7cabf52-73ad-4b67-b768-c5d9c38e14c0"
          ],
          "failures": [],
          "pending": [],
          "skipped": [],
          "duration": 2116,
          "root": false,
          "rootEmpty": false,
          "_timeout": 2000
        }
      ],
      "passes": [],
      "failures": [],
      "pending": [],
      "skipped": [],
      "duration": 0,
      "root": true,
      "rootEmpty": true,
      "_timeout": 2000
    },
    {
      "uuid": "cf5f45f6-4cfb-4360-b7a1-4aa5d7268530",
      "title": "",
      "fullFile": "cypress\\e2e\\category-page.ts",
      "file": "cypress\\e2e\\category-page.ts",
      "beforeHooks": [],
      "afterHooks": [],
      "tests": [],
      "suites": [
        {
          "uuid": "a435d1e4-de8e-4b6b-aa65-430b18527a4e",
          "title": "카테고리 페이지",
          "fullFile": "",
          "file": "",
          "beforeHooks": [],
          "afterHooks": [],
          "tests": [
            {
              "title": "구성 요소 확인",
              "fullTitle": "카테고리 페이지 구성 요소 확인",
              "timedOut": null,
              "duration": 2468,
              "state": "passed",
              "speed": "fast",
              "pass": true,
              "fail": false,
              "pending": false,
              "context": null,
              "code": "cy.visit('/category/society/1');\ncy.get('#category-page__title').should('exist');\ncy.get('#article-card').should('exist');\ncy.get('#category-page__paginate').should('exist');",
              "err": {},
              "uuid": "90088fbd-e3d2-41cc-80c0-3a8a30daa547",
              "parentUUID": "a435d1e4-de8e-4b6b-aa65-430b18527a4e",
              "isHook": false,
              "skipped": false
            },
            {
              "title": "페이지네이션",
              "fullTitle": "카테고리 페이지 페이지네이션",
              "timedOut": null,
              "duration": 905,
              "state": "passed",
              "speed": "fast",
              "pass": true,
              "fail": false,
              "pending": false,
              "context": null,
              "code": "cy.get('#category-page__paginate').contains('2').click();\ncy.url().should('contain', '2');",
              "err": {},
              "uuid": "1793c5ca-cf7f-4eae-bc99-1983a7efe02a",
              "parentUUID": "a435d1e4-de8e-4b6b-aa65-430b18527a4e",
              "isHook": false,
              "skipped": false
            },
            {
              "title": "글로 이동",
              "fullTitle": "카테고리 페이지 글로 이동",
              "timedOut": null,
              "duration": 508,
              "state": "passed",
              "speed": "fast",
              "pass": true,
              "fail": false,
              "pending": false,
              "context": null,
              "code": "cy.get('#article-card').click();\ncy.url().should('contain', 'article');",
              "err": {},
              "uuid": "73fdaf89-74ca-46c8-9f93-7736a68a7f15",
              "parentUUID": "a435d1e4-de8e-4b6b-aa65-430b18527a4e",
              "isHook": false,
              "skipped": false
            },
            {
              "title": "다른 페이지 클릭하고 다시 카테고리로 돌아오면 페이지네이션 active 버튼이 1페이지를 가리켜야 한다",
              "fullTitle": "카테고리 페이지 다른 페이지 클릭하고 다시 카테고리로 돌아오면 페이지네이션 active 버튼이 1페이지를 가리켜야 한다",
              "timedOut": null,
              "duration": 3647,
              "state": "passed",
              "speed": "fast",
              "pass": true,
              "fail": false,
              "pending": false,
              "context": null,
              "code": "cy.visit('/category/society/1');\ncy.get('#category-page__paginate').contains('2').click();\ncy.get('#category-menu__button').click();\ncy.get('#category-menu__button').click();\ncy.get('#category-menu__result').contains('과학기술').click();\ncy.get('#category-menu__button').click();\ncy.get('#category-menu__button').click();\ncy.get('#category-menu__result').contains('사회').click();\ncy.get('#category-page__paginate')\n    .contains('1')\n    .should('have.css', 'color', 'rgb(230, 126, 34)');",
              "err": {},
              "uuid": "c145866b-fb56-4f23-931b-5143f7799f8d",
              "parentUUID": "a435d1e4-de8e-4b6b-aa65-430b18527a4e",
              "isHook": false,
              "skipped": false
            }
          ],
          "suites": [],
          "passes": [
            "90088fbd-e3d2-41cc-80c0-3a8a30daa547",
            "1793c5ca-cf7f-4eae-bc99-1983a7efe02a",
            "73fdaf89-74ca-46c8-9f93-7736a68a7f15",
            "c145866b-fb56-4f23-931b-5143f7799f8d"
          ],
          "failures": [],
          "pending": [],
          "skipped": [],
          "duration": 7528,
          "root": false,
          "rootEmpty": false,
          "_timeout": 2000
        }
      ],
      "passes": [],
      "failures": [],
      "pending": [],
      "skipped": [],
      "duration": 0,
      "root": true,
      "rootEmpty": true,
      "_timeout": 2000
    },
    {
      "uuid": "eed29756-19c6-43c0-bb59-103d427e27b1",
      "title": "",
      "fullFile": "cypress\\e2e\\comment.ts",
      "file": "cypress\\e2e\\comment.ts",
      "beforeHooks": [],
      "afterHooks": [],
      "tests": [],
      "suites": [
        {
          "uuid": "ddcbb3e7-5c3c-4abc-9193-567f3f124c04",
          "title": "댓글",
          "fullFile": "",
          "file": "",
          "beforeHooks": [],
          "afterHooks": [],
          "tests": [
            {
              "title": "작성 -> 확인 -> 삭제",
              "fullTitle": "댓글 작성 -> 확인 -> 삭제",
              "timedOut": null,
              "duration": 16613,
              "state": "passed",
              "speed": "slow",
              "pass": true,
              "fail": false,
              "pending": false,
              "context": null,
              "code": "// 로그인하기\nObject(cypress_support_sign__WEBPACK_IMPORTED_MODULE_0__[\"login\"])('asdf@gmail.com', 'asdf1234');\n// 이동하기\ncy.visit('/article/9mDSqenHRWNZTvCvsSew');\n// 작성\ncy.get('#comment-form__content').type(content);\ncy.get('#comment-form__submit').click();\n// 작성 확인\ncy.contains(content).should('exist');\n// 삭제\ncy.get('#comment__delete').click();\ncy.on('window:confirm', function (str) { return true; });\n// 삭제 확인\ncy.contains(content).should('not.exist');\n// 로그아웃하기\nObject(cypress_support_sign__WEBPACK_IMPORTED_MODULE_0__[\"logout\"])();",
              "err": {},
              "uuid": "1020414a-993b-4236-9de1-c430c7f22801",
              "parentUUID": "ddcbb3e7-5c3c-4abc-9193-567f3f124c04",
              "isHook": false,
              "skipped": false
            }
          ],
          "suites": [],
          "passes": [
            "1020414a-993b-4236-9de1-c430c7f22801"
          ],
          "failures": [],
          "pending": [],
          "skipped": [],
          "duration": 16613,
          "root": false,
          "rootEmpty": false,
          "_timeout": 2000
        }
      ],
      "passes": [],
      "failures": [],
      "pending": [],
      "skipped": [],
      "duration": 0,
      "root": true,
      "rootEmpty": true,
      "_timeout": 2000
    },
    {
      "uuid": "168ca0ff-69d9-4f70-89c2-a166a69c582c",
      "title": "",
      "fullFile": "cypress\\e2e\\home.ts",
      "file": "cypress\\e2e\\home.ts",
      "beforeHooks": [],
      "afterHooks": [],
      "tests": [],
      "suites": [
        {
          "uuid": "846a5042-238b-450b-bc4e-644d88db0ff4",
          "title": "홈페이지",
          "fullFile": "",
          "file": "",
          "beforeHooks": [],
          "afterHooks": [],
          "tests": [
            {
              "title": "각종 부분이 있는지 체크하기",
              "fullTitle": "홈페이지 각종 부분이 있는지 체크하기",
              "timedOut": null,
              "duration": 2780,
              "state": "passed",
              "speed": "fast",
              "pass": true,
              "fail": false,
              "pending": false,
              "context": null,
              "code": "cy.visit('/');\ncy.get('header');\ncy.get('#welcome');\ncy.get('#intro');\ncy.get('footer');",
              "err": {},
              "uuid": "d1f4c695-981f-4a81-a65f-f1fe495d04ba",
              "parentUUID": "846a5042-238b-450b-bc4e-644d88db0ff4",
              "isHook": false,
              "skipped": false
            },
            {
              "title": "카테고리 클릭해서 이동하기",
              "fullTitle": "홈페이지 카테고리 클릭해서 이동하기",
              "timedOut": null,
              "duration": 5159,
              "state": "passed",
              "speed": "medium",
              "pass": true,
              "fail": false,
              "pending": false,
              "context": null,
              "code": "cy.get('#category-menu__button').click();\ncy.get('#category-menu__button').click();\ncy.get('#category-menu__result').contains('사회').click();\ncy.url().should('contain', 'category');\ncy.url().should('contain', 'society');\ncy.visit('/');",
              "err": {},
              "uuid": "211cff3f-7692-4063-b806-bbf38d3daf98",
              "parentUUID": "846a5042-238b-450b-bc4e-644d88db0ff4",
              "isHook": false,
              "skipped": false
            },
            {
              "title": "카테고리 hover해서 이동하기",
              "fullTitle": "홈페이지 카테고리 hover해서 이동하기",
              "timedOut": null,
              "duration": 2293,
              "state": "passed",
              "speed": "fast",
              "pass": true,
              "fail": false,
              "pending": false,
              "context": null,
              "code": "// 코드는 mouseeneter로 했지만 여기서는 mouseover로 하였다.\ncy.get('#category-menu__button').trigger('mouseover');\ncy.get('#category-menu__result').contains('사회').click();\ncy.url().should('contain', 'category');\ncy.url().should('contain', 'society');\ncy.visit('/');",
              "err": {},
              "uuid": "a2a5ccf4-8844-4c5e-a360-ef96639cbd83",
              "parentUUID": "846a5042-238b-450b-bc4e-644d88db0ff4",
              "isHook": false,
              "skipped": false
            },
            {
              "title": "카테고리 키보드로 이동하기",
              "fullTitle": "홈페이지 카테고리 키보드로 이동하기",
              "timedOut": null,
              "duration": 243,
              "state": "passed",
              "speed": "fast",
              "pass": true,
              "fail": false,
              "pending": false,
              "context": null,
              "code": "cy.get('#category-menu__result').should('have.css', 'display', 'none');\ncy.get('#category-menu__button').focus().type('{enter}');\ncy.get('#category-menu__result').should('not.have.css', 'display', 'none');",
              "err": {},
              "uuid": "fa9d0d9f-9cf7-40dd-9a6c-77fb03271927",
              "parentUUID": "846a5042-238b-450b-bc4e-644d88db0ff4",
              "isHook": false,
              "skipped": false
            },
            {
              "title": "작성 페이지로 이동",
              "fullTitle": "홈페이지 작성 페이지로 이동",
              "timedOut": null,
              "duration": 3214,
              "state": "passed",
              "speed": "fast",
              "pass": true,
              "fail": false,
              "pending": false,
              "context": null,
              "code": "cy.get('#to-create').click();\ncy.url().should('contain', 'create');\ncy.visit('/');",
              "err": {},
              "uuid": "35dafacc-3713-4322-bf47-695d676a648c",
              "parentUUID": "846a5042-238b-450b-bc4e-644d88db0ff4",
              "isHook": false,
              "skipped": false
            },
            {
              "title": "로그인 페이지로 이동",
              "fullTitle": "홈페이지 로그인 페이지로 이동",
              "timedOut": null,
              "duration": 3454,
              "state": "passed",
              "speed": "fast",
              "pass": true,
              "fail": false,
              "pending": false,
              "context": null,
              "code": "cy.get('header #to-login').click();\ncy.url().should('contain', 'sign');\ncy.visit('/');",
              "err": {},
              "uuid": "3ccbd057-99e3-4bda-a122-a294d1db6d86",
              "parentUUID": "846a5042-238b-450b-bc4e-644d88db0ff4",
              "isHook": false,
              "skipped": false
            },
            {
              "title": "screen-medium 이하이면 검색창 사라지고 검색 버튼 생김",
              "fullTitle": "홈페이지 screen-medium 이하이면 검색창 사라지고 검색 버튼 생김",
              "timedOut": null,
              "duration": 179,
              "state": "passed",
              "speed": "fast",
              "pass": true,
              "fail": false,
              "pending": false,
              "context": null,
              "code": "cy.get('#search-narrow__container').should('have.css', 'display', 'none');\ncy.viewport(Cypress.env('screenMedium') - 1, 1000);\ncy.get('#search-narrow__container').should('not.have.css', 'display', 'none');",
              "err": {},
              "uuid": "0a120efd-2853-46a2-b197-d06446a228c3",
              "parentUUID": "846a5042-238b-450b-bc4e-644d88db0ff4",
              "isHook": false,
              "skipped": false
            },
            {
              "title": "screen-tiny 이하이면 카테고리 줄어듬",
              "fullTitle": "홈페이지 screen-tiny 이하이면 카테고리 줄어듬",
              "timedOut": null,
              "duration": 154,
              "state": "passed",
              "speed": "fast",
              "pass": true,
              "fail": false,
              "pending": false,
              "context": null,
              "code": "cy.get('#category-narrow__button').should('have.css', 'display', 'none');\ncy.viewport(Cypress.env('screenTiny') - 1, 500);\ncy.get('#category-narrow__button').should('not.have.css', 'display', 'none');",
              "err": {},
              "uuid": "890d1ee7-4d12-4a74-8b09-b4742ade6ab1",
              "parentUUID": "846a5042-238b-450b-bc4e-644d88db0ff4",
              "isHook": false,
              "skipped": false
            }
          ],
          "suites": [],
          "passes": [
            "d1f4c695-981f-4a81-a65f-f1fe495d04ba",
            "211cff3f-7692-4063-b806-bbf38d3daf98",
            "a2a5ccf4-8844-4c5e-a360-ef96639cbd83",
            "fa9d0d9f-9cf7-40dd-9a6c-77fb03271927",
            "35dafacc-3713-4322-bf47-695d676a648c",
            "3ccbd057-99e3-4bda-a122-a294d1db6d86",
            "0a120efd-2853-46a2-b197-d06446a228c3",
            "890d1ee7-4d12-4a74-8b09-b4742ade6ab1"
          ],
          "failures": [],
          "pending": [],
          "skipped": [],
          "duration": 17476,
          "root": false,
          "rootEmpty": false,
          "_timeout": 2000
        }
      ],
      "passes": [],
      "failures": [],
      "pending": [],
      "skipped": [],
      "duration": 0,
      "root": true,
      "rootEmpty": true,
      "_timeout": 2000
    },
    {
      "uuid": "f333494c-087f-47c5-869a-242bae49cfce",
      "title": "",
      "fullFile": "cypress\\e2e\\initialize.ts",
      "file": "cypress\\e2e\\initialize.ts",
      "beforeHooks": [],
      "afterHooks": [],
      "tests": [
        {
          "title": "initialize",
          "fullTitle": "initialize",
          "timedOut": null,
          "duration": 1743,
          "state": "passed",
          "speed": "fast",
          "pass": true,
          "fail": false,
          "pending": false,
          "context": null,
          "code": "cy.visit('/');",
          "err": {},
          "uuid": "91936dcc-263d-4bda-b4db-0d23b9f1331c",
          "parentUUID": "f333494c-087f-47c5-869a-242bae49cfce",
          "isHook": false,
          "skipped": false
        }
      ],
      "suites": [],
      "passes": [
        "91936dcc-263d-4bda-b4db-0d23b9f1331c"
      ],
      "failures": [],
      "pending": [],
      "skipped": [],
      "duration": 1743,
      "root": true,
      "rootEmpty": false,
      "_timeout": 2000
    },
    {
      "uuid": "07f196dc-1c08-4f8f-8708-1b76905bac1f",
      "title": "",
      "fullFile": "cypress\\e2e\\interest.ts",
      "file": "cypress\\e2e\\interest.ts",
      "beforeHooks": [],
      "afterHooks": [],
      "tests": [],
      "suites": [
        {
          "uuid": "4001fb4c-6a32-43c0-a0ef-d9708ad17ae6",
          "title": "관심 목록",
          "fullFile": "",
          "file": "",
          "beforeHooks": [],
          "afterHooks": [],
          "tests": [
            {
              "title": "추가하고 삭제하기",
              "fullTitle": "관심 목록 추가하고 삭제하기",
              "timedOut": null,
              "duration": 15298,
              "state": "passed",
              "speed": "slow",
              "pass": true,
              "fail": false,
              "pending": false,
              "context": null,
              "code": "// 로그인하기\nObject(cypress_support_sign__WEBPACK_IMPORTED_MODULE_0__[\"login\"])('qwer@gmail.com', 'asdf1234');\ncy.visit('/article/9mDSqenHRWNZTvCvsSew');\n// 추가하기\ncy.get('#article__interest-button').click();\ncy.get('#article__interest-button svg').should('have.attr', 'data-prefix', 'fas');\n// 프로필에서 확인하기\ncy.visit('/profile');\ncy.get('#profile-button__interest').click();\ncy.contains(titleText).click();\n// 해제하기\ncy.get('#article__interest-button svg').should('have.attr', 'data-prefix', 'fas');\ncy.get('#article__interest-button').click();\ncy.get('#article__interest-button svg').should('have.attr', 'data-prefix', 'far');\n// 프로필에서 확인하기\ncy.visit('/profile');\ncy.get('#profile-button__interest').click();\ncy.contains(titleText).should('not.exist');\n// 로그아웃하기\nObject(cypress_support_sign__WEBPACK_IMPORTED_MODULE_0__[\"logout\"])();",
              "err": {},
              "uuid": "b864c82a-c6bd-4b14-b3ae-1f171ba76b98",
              "parentUUID": "4001fb4c-6a32-43c0-a0ef-d9708ad17ae6",
              "isHook": false,
              "skipped": false
            }
          ],
          "suites": [],
          "passes": [
            "b864c82a-c6bd-4b14-b3ae-1f171ba76b98"
          ],
          "failures": [],
          "pending": [],
          "skipped": [],
          "duration": 15298,
          "root": false,
          "rootEmpty": false,
          "_timeout": 2000
        }
      ],
      "passes": [],
      "failures": [],
      "pending": [],
      "skipped": [],
      "duration": 0,
      "root": true,
      "rootEmpty": true,
      "_timeout": 2000
    },
    {
      "uuid": "5bd587c4-7879-4cf9-9b23-01c0a563f092",
      "title": "",
      "fullFile": "cypress\\e2e\\login-logout.ts",
      "file": "cypress\\e2e\\login-logout.ts",
      "beforeHooks": [],
      "afterHooks": [],
      "tests": [],
      "suites": [
        {
          "uuid": "7c7e703e-6e3c-4cbe-99a1-442192444d91",
          "title": "로그인, 로그아웃",
          "fullFile": "",
          "file": "",
          "beforeHooks": [],
          "afterHooks": [],
          "tests": [
            {
              "title": "로그인하기",
              "fullTitle": "로그인, 로그아웃 로그인하기",
              "timedOut": null,
              "duration": 4683,
              "state": "passed",
              "speed": "fast",
              "pass": true,
              "fail": false,
              "pending": false,
              "context": null,
              "code": "Object(cypress_support_sign__WEBPACK_IMPORTED_MODULE_0__[\"login\"])('asdf@gmail.com', 'asdf1234');",
              "err": {},
              "uuid": "dcabf620-86ae-4de3-a2ce-fac6b4d2af8e",
              "parentUUID": "7c7e703e-6e3c-4cbe-99a1-442192444d91",
              "isHook": false,
              "skipped": false
            },
            {
              "title": "로그아웃하기",
              "fullTitle": "로그인, 로그아웃 로그아웃하기",
              "timedOut": null,
              "duration": 485,
              "state": "passed",
              "speed": "fast",
              "pass": true,
              "fail": false,
              "pending": false,
              "context": null,
              "code": "Object(cypress_support_sign__WEBPACK_IMPORTED_MODULE_0__[\"logout\"])();",
              "err": {},
              "uuid": "fd449fac-e2fe-4d82-b3d9-d12c271425cf",
              "parentUUID": "7c7e703e-6e3c-4cbe-99a1-442192444d91",
              "isHook": false,
              "skipped": false
            }
          ],
          "suites": [],
          "passes": [
            "dcabf620-86ae-4de3-a2ce-fac6b4d2af8e",
            "fd449fac-e2fe-4d82-b3d9-d12c271425cf"
          ],
          "failures": [],
          "pending": [],
          "skipped": [],
          "duration": 5168,
          "root": false,
          "rootEmpty": false,
          "_timeout": 2000
        }
      ],
      "passes": [],
      "failures": [],
      "pending": [],
      "skipped": [],
      "duration": 0,
      "root": true,
      "rootEmpty": true,
      "_timeout": 2000
    },
    {
      "uuid": "ff6c93a7-fcb2-4a26-80d2-451a8922c7ff",
      "title": "",
      "fullFile": "cypress\\e2e\\profile-name.ts",
      "file": "cypress\\e2e\\profile-name.ts",
      "beforeHooks": [],
      "afterHooks": [],
      "tests": [],
      "suites": [
        {
          "uuid": "32fe6558-810a-480b-85f5-ba91048c2d2e",
          "title": "프로필 이름",
          "fullFile": "",
          "file": "",
          "beforeHooks": [],
          "afterHooks": [],
          "tests": [
            {
              "title": "바꿨다가 원래대로 돌리기",
              "fullTitle": "프로필 이름 바꿨다가 원래대로 돌리기",
              "timedOut": null,
              "duration": 9051,
              "state": "passed",
              "speed": "medium",
              "pass": true,
              "fail": false,
              "pending": false,
              "context": null,
              "code": "// 로그인하기\nObject(cypress_support_sign__WEBPACK_IMPORTED_MODULE_0__[\"login\"])('asdf@gmail.com', 'asdf1234');\n// 프로필에서 확인하기\ncy.visit('/profile');\n// 현재 이름 가져오기\ncy.get('#profile-name').invoke('text').as('originalName');\n// 이름 바꾸기\ncy.get('#profile-name__to-edit').click();\ncy.get('#profile-name__edit-input').clear().type(changedName);\ncy.get('#profile-name__edit-confirm').click();\ncy.get('#profile-name').should('have.text', changedName);\n// 원래로 돌리기\ncy.get('#profile-name__to-edit').click();\ncy.get('@originalName').then(function (originalName) {\n    cy.get('#profile-name__edit-input').clear().type(originalName);\n    cy.get('#profile-name__edit-confirm').click();\n    cy.get('#profile-name').should('have.text', originalName);\n});\n// 로그아웃하기\nObject(cypress_support_sign__WEBPACK_IMPORTED_MODULE_0__[\"logout\"])();",
              "err": {},
              "uuid": "eb7e6a16-22b1-4b70-bba3-44a6cf551793",
              "parentUUID": "32fe6558-810a-480b-85f5-ba91048c2d2e",
              "isHook": false,
              "skipped": false
            }
          ],
          "suites": [],
          "passes": [
            "eb7e6a16-22b1-4b70-bba3-44a6cf551793"
          ],
          "failures": [],
          "pending": [],
          "skipped": [],
          "duration": 9051,
          "root": false,
          "rootEmpty": false,
          "_timeout": 2000
        }
      ],
      "passes": [],
      "failures": [],
      "pending": [],
      "skipped": [],
      "duration": 0,
      "root": true,
      "rootEmpty": true,
      "_timeout": 2000
    },
    {
      "uuid": "af64c8d7-25da-48be-aafd-e4677e4e452b",
      "title": "",
      "fullFile": "cypress\\e2e\\search.ts",
      "file": "cypress\\e2e\\search.ts",
      "beforeHooks": [],
      "afterHooks": [],
      "tests": [],
      "suites": [
        {
          "uuid": "67841bd5-af0d-4c38-94cc-82d107781f2d",
          "title": "검색",
          "fullFile": "",
          "file": "",
          "beforeHooks": [],
          "afterHooks": [],
          "tests": [
            {
              "title": "wide한 상황에서 최신 글 찾고, 검색하기",
              "fullTitle": "검색 wide한 상황에서 최신 글 찾고, 검색하기",
              "timedOut": null,
              "duration": 6366,
              "state": "passed",
              "speed": "medium",
              "pass": true,
              "fail": false,
              "pending": false,
              "context": null,
              "code": "cy.visit('/category/society/1');\ncy.get('#article-card__title')\n    .first()\n    .then(function ($firstArticleCard) {\n    var titleText = $firstArticleCard.text();\n    cy.get('#search-wide-input').type(titleText);\n    cy.get('#search-wide-result').contains(titleText).click();\n    cy.url().should('contain', 'article');\n    cy.get('#article__title').should('have.text', titleText);\n});\ncy.visit('/category/society/1');",
              "err": {},
              "uuid": "63804d8e-14aa-45e6-874c-7628931d7cf5",
              "parentUUID": "67841bd5-af0d-4c38-94cc-82d107781f2d",
              "isHook": false,
              "skipped": false
            },
            {
              "title": "narrow한 상황에서 최신 글 찾고, 검색하기",
              "fullTitle": "검색 narrow한 상황에서 최신 글 찾고, 검색하기",
              "timedOut": null,
              "duration": 1054,
              "state": "passed",
              "speed": "fast",
              "pass": true,
              "fail": false,
              "pending": false,
              "context": null,
              "code": "cy.viewport(Cypress.env('screenMedium') - 1, 1000);\ncy.get('#search-narrow__button').click();\ncy.get('#article-card__title')\n    .first()\n    .then(function ($firstArticleCard) {\n    var titleText = $firstArticleCard.text();\n    cy.get('#search-narrow__input').type(titleText);\n    cy.get('#search-narrow__result').contains(titleText).click();\n    cy.url().should('contain', 'article');\n    cy.get('#article__title').should('have.text', titleText);\n});",
              "err": {},
              "uuid": "332e7efd-db81-48b2-a64b-3ab6c143a1ea",
              "parentUUID": "67841bd5-af0d-4c38-94cc-82d107781f2d",
              "isHook": false,
              "skipped": false
            }
          ],
          "suites": [],
          "passes": [
            "63804d8e-14aa-45e6-874c-7628931d7cf5",
            "332e7efd-db81-48b2-a64b-3ab6c143a1ea"
          ],
          "failures": [],
          "pending": [],
          "skipped": [],
          "duration": 7420,
          "root": false,
          "rootEmpty": false,
          "_timeout": 2000
        }
      ],
      "passes": [],
      "failures": [],
      "pending": [],
      "skipped": [],
      "duration": 0,
      "root": true,
      "rootEmpty": true,
      "_timeout": 2000
    },
    {
      "uuid": "5cb283f7-15eb-4cae-a4b2-08b8ebacd659",
      "title": "",
      "fullFile": "cypress\\e2e\\signup-delete.ts",
      "file": "cypress\\e2e\\signup-delete.ts",
      "beforeHooks": [],
      "afterHooks": [],
      "tests": [],
      "suites": [
        {
          "uuid": "2c339eb7-d752-42ef-9810-125ef09e0191",
          "title": "회원가입, 탈퇴",
          "fullFile": "",
          "file": "",
          "beforeHooks": [],
          "afterHooks": [],
          "tests": [
            {
              "title": "회원가입",
              "fullTitle": "회원가입, 탈퇴 회원가입",
              "timedOut": null,
              "duration": 7109,
              "state": "passed",
              "speed": "medium",
              "pass": true,
              "fail": false,
              "pending": false,
              "context": null,
              "code": "cy.visit('/sign');\ncy.get('#email').type(email);\ncy.get('#password').type(password);\ncy.get('#sign-up-button').click();\ncy.get('#to-profile').should('exist');",
              "err": {},
              "uuid": "a434201d-33c1-4c61-8d9c-406eb85cceb8",
              "parentUUID": "2c339eb7-d752-42ef-9810-125ef09e0191",
              "isHook": false,
              "skipped": false
            },
            {
              "title": "프로필에서 이름 확인",
              "fullTitle": "회원가입, 탈퇴 프로필에서 이름 확인",
              "timedOut": null,
              "duration": 3282,
              "state": "passed",
              "speed": "fast",
              "pass": true,
              "fail": false,
              "pending": false,
              "context": null,
              "code": "cy.visit('/profile');\ncy.get('#profile-name').should('have.text', email.split('@')[0]);",
              "err": {},
              "uuid": "7a23c454-2dbc-46ce-97a4-5e432ea4c3ba",
              "parentUUID": "2c339eb7-d752-42ef-9810-125ef09e0191",
              "isHook": false,
              "skipped": false
            },
            {
              "title": "탈퇴하기",
              "fullTitle": "회원가입, 탈퇴 탈퇴하기",
              "timedOut": null,
              "duration": 983,
              "state": "passed",
              "speed": "fast",
              "pass": true,
              "fail": false,
              "pending": false,
              "context": null,
              "code": "cy.get('#delete-account-button').click();\ncy.get('#to-login').should('exist');",
              "err": {},
              "uuid": "36c5b7dc-b9f7-4623-b8c1-305548ceb99f",
              "parentUUID": "2c339eb7-d752-42ef-9810-125ef09e0191",
              "isHook": false,
              "skipped": false
            }
          ],
          "suites": [],
          "passes": [
            "a434201d-33c1-4c61-8d9c-406eb85cceb8",
            "7a23c454-2dbc-46ce-97a4-5e432ea4c3ba",
            "36c5b7dc-b9f7-4623-b8c1-305548ceb99f"
          ],
          "failures": [],
          "pending": [],
          "skipped": [],
          "duration": 11374,
          "root": false,
          "rootEmpty": false,
          "_timeout": 2000
        }
      ],
      "passes": [],
      "failures": [],
      "pending": [],
      "skipped": [],
      "duration": 0,
      "root": true,
      "rootEmpty": true,
      "_timeout": 2000
    }
  ],
  "meta": {
    "mocha": {
      "version": "7.0.1"
    },
    "mochawesome": {
      "options": {
        "quiet": false,
        "reportFilename": "[name].json",
        "saveHtml": false,
        "saveJson": true,
        "consoleReporter": "spec",
        "useInlineDiffs": false,
        "code": true
      },
      "version": "7.1.3"
    },
    "marge": {
      "options": {
        "id": "default",
        "reportDir": "cypress/results",
        "reportFilename": "[name].json",
        "html": false,
        "json": true
      },
      "version": "6.2.0"
    }
  }
}